#
# There is insufficient memory for the Java Runtime Environment to continue.
# Native memory allocation (malloc) failed to allocate 1266160 bytes for Chunk::new
# Possible reasons:
#   The system is out of physical RAM or swap space
#   The process is running with CompressedOops enabled, and the Java Heap may be blocking the growth of the native heap
# Possible solutions:
#   Reduce memory load on the system
#   Increase physical memory or swap space
#   Check if swap backing store is full
#   Decrease Java heap size (-Xmx/-Xms)
#   Decrease number of Java threads
#   Decrease Java thread stack sizes (-Xss)
#   Set larger code cache with -XX:ReservedCodeCacheSize=
#   JVM is running with Zero Based Compressed Oops mode in which the Java heap is
#     placed in the first 32GB address space. The Java Heap base address is the
#     maximum limit for the native heap growth. Please use -XX:HeapBaseMinAddress
#     to set the Java Heap base and to place the Java Heap above 32GB virtual address.
# This output file may be truncated or incomplete.
#
#  Out of Memory Error (arena.cpp:189), pid=23592, tid=18112
#
# JRE version: Java(TM) SE Runtime Environment (17.0.6+9) (build 17.0.6+9-LTS-190)
# Java VM: Java HotSpot(TM) 64-Bit Server VM (17.0.6+9-LTS-190, mixed mode, sharing, tiered, compressed oops, compressed class ptrs, g1 gc, windows-amd64)
# No core dump will be written. Minidumps are not enabled by default on client versions of Windows
#

---------------  S U M M A R Y ------------

Command Line: -XX:MaxMetaspaceSize=2G -XX:+HeapDumpOnOutOfMemoryError --add-opens=java.base/java.util=ALL-UNNAMED --add-opens=java.base/java.lang=ALL-UNNAMED --add-opens=java.base/java.lang.invoke=ALL-UNNAMED --add-opens=java.prefs/java.util.prefs=ALL-UNNAMED --add-opens=java.base/java.nio.charset=ALL-UNNAMED --add-opens=java.base/java.net=ALL-UNNAMED --add-opens=java.base/java.util.concurrent.atomic=ALL-UNNAMED -Xmx4G -Dfile.encoding=utf8 -Duser.country=US -Duser.language=en -Duser.variant -javaagent:C:\Users\MSI\.gradle\wrapper\dists\gradle-8.3-all\6en3ugtfdg5xnpx44z4qbwgas\gradle-8.3\lib\agents\gradle-instrumentation-agent-8.3.jar org.gradle.launcher.daemon.bootstrap.GradleDaemon 8.3

Host: 11th Gen Intel(R) Core(TM) i5-11400H @ 2.70GHz, 12 cores, 7G,  Windows 11 , 64 bit Build 26100 (10.0.26100.8328)
Time: Sun May 10 02:54:08 2026 W. Central Africa Standard Time elapsed time: 84.224235 seconds (0d 0h 1m 24s)

---------------  T H R E A D  ---------------

Current thread (0x0000024a0c2786e0):  JavaThread "C2 CompilerThread0" daemon [_thread_in_native, id=18112, stack(0x000000f0eed00000,0x000000f0eee00000)]


Current CompileTask:
C2:  84225 13609   !   4       org.jetbrains.kotlin.metadata.ProtoBuf$Function::<init> (1410 bytes)

Stack: [0x000000f0eed00000,0x000000f0eee00000]
Native frames: (J=compiled Java code, j=interpreted, Vv=VM code, C=native code)
V  [jvm.dll+0x6734ea]
V  [jvm.dll+0x7d18f4]
V  [jvm.dll+0x7d309e]
V  [jvm.dll+0x7d3703]
V  [jvm.dll+0x2433c5]
V  [jvm.dll+0xaa46b]
V  [jvm.dll+0xaaa0c]
V  [jvm.dll+0x35eb2e]
V  [jvm.dll+0x1b967a]
V  [jvm.dll+0x215f37]
V  [jvm.dll+0x215211]
V  [jvm.dll+0x1a1730]
V  [jvm.dll+0x224b6e]
V  [jvm.dll+0x222f15]
V  [jvm.dll+0x78753c]
V  [jvm.dll+0x781a7a]
V  [jvm.dll+0x672375]
C  [ucrtbase.dll+0x37b0]
C  [KERNEL32.DLL+0x2e957]
C  [ntdll.dll+0x427c]


---------------  P R O C E S S  ---------------

Threads class SMR info:
_java_thread_list=0x0000024a143b11c0, length=87, elements={
0x0000024a68fa6d60, 0x0000024a0c2453f0, 0x0000024a0c246720, 0x0000024a0c25a7e0,
0x0000024a0c25ccc0, 0x0000024a0c25ddf0, 0x0000024a0c260f30, 0x0000024a0c2786e0,
0x0000024a0c282b00, 0x0000024a0c283310, 0x0000024a0c2309a0, 0x0000024a0ce4e6b0,
0x0000024a0e484470, 0x0000024a0e57a3b0, 0x0000024a0e7a84a0, 0x0000024a0dc56570,
0x0000024a0e574c40, 0x0000024a0e5f5ea0, 0x0000024a0dbd9630, 0x0000024a0e5b4c40,
0x0000024a0e5b4770, 0x0000024a0e5b5110, 0x0000024a0e5b5ab0, 0x0000024a0e5b42a0,
0x0000024a0f4772c0, 0x0000024a0f477790, 0x0000024a0f477c60, 0x0000024a0f476920,
0x0000024a0f476df0, 0x0000024a0f479e10, 0x0000024a0f47a2e0, 0x0000024a0f47b620,
0x0000024a0f478600, 0x0000024a0f47a7b0, 0x0000024a0f47baf0, 0x0000024a0f47bfc0,
0x0000024a0f47c490, 0x0000024a0f478ad0, 0x0000024a0f478fa0, 0x0000024a0f47dca0,
0x0000024a0f47ce30, 0x0000024a0f47d300, 0x0000024a0f47d7d0, 0x0000024a0edf04d0,
0x0000024a0edf1340, 0x0000024a0edef660, 0x0000024a0edf1810, 0x0000024a0edf1ce0,
0x0000024a0edf21b0, 0x0000024a0edf2680, 0x0000024a0edf2b50, 0x0000024a0edef190,
0x0000024a0edf3020, 0x0000024a0edf34f0, 0x0000024a0edf39c0, 0x0000024a0edf0000,
0x0000024a0edf6040, 0x0000024a0edf56a0, 0x0000024a0edf5b70, 0x0000024a0edf3e90,
0x0000024a0edf6510, 0x0000024a0edf4d00, 0x0000024a0edf4360, 0x0000024a0edf69e0,
0x0000024a0edf4830, 0x0000024a0edf51d0, 0x0000024a138fd940, 0x0000024a138fa920,
0x0000024a138fd470, 0x0000024a138fc600, 0x0000024a138fb2c0, 0x0000024a138fadf0,
0x0000024a138fcad0, 0x0000024a138fcfa0, 0x0000024a138ff150, 0x0000024a138fec80,
0x0000024a138fe2e0, 0x0000024a138fb790, 0x0000024a138ff620, 0x0000024a138fe7b0,
0x0000024a138fbc60, 0x0000024a138fc130, 0x0000024a138fffc0, 0x0000024a13902170,
0x0000024a13900490, 0x0000024a13900e30, 0x0000024a10e4ca40
}

Java Threads: ( => current thread )
  0x0000024a68fa6d60 JavaThread "main" [_thread_blocked, id=30608, stack(0x000000f0ee000000,0x000000f0ee100000)]
  0x0000024a0c2453f0 JavaThread "Reference Handler" daemon [_thread_blocked, id=25984, stack(0x000000f0ee700000,0x000000f0ee800000)]
  0x0000024a0c246720 JavaThread "Finalizer" daemon [_thread_blocked, id=2160, stack(0x000000f0ee800000,0x000000f0ee900000)]
  0x0000024a0c25a7e0 JavaThread "Signal Dispatcher" daemon [_thread_blocked, id=26000, stack(0x000000f0ee900000,0x000000f0eea00000)]
  0x0000024a0c25ccc0 JavaThread "Attach Listener" daemon [_thread_blocked, id=12656, stack(0x000000f0eea00000,0x000000f0eeb00000)]
  0x0000024a0c25ddf0 JavaThread "Service Thread" daemon [_thread_blocked, id=19856, stack(0x000000f0eeb00000,0x000000f0eec00000)]
  0x0000024a0c260f30 JavaThread "Monitor Deflation Thread" daemon [_thread_blocked, id=23240, stack(0x000000f0eec00000,0x000000f0eed00000)]
=>0x0000024a0c2786e0 JavaThread "C2 CompilerThread0" daemon [_thread_in_native, id=18112, stack(0x000000f0eed00000,0x000000f0eee00000)]
  0x0000024a0c282b00 JavaThread "C1 CompilerThread0" daemon [_thread_in_vm, id=20128, stack(0x000000f0eee00000,0x000000f0eef00000)]
  0x0000024a0c283310 JavaThread "Sweeper thread" daemon [_thread_blocked, id=9192, stack(0x000000f0eef00000,0x000000f0ef000000)]
  0x0000024a0c2309a0 JavaThread "Common-Cleaner" daemon [_thread_blocked, id=11336, stack(0x000000f0ef000000,0x000000f0ef100000)]
  0x0000024a0ce4e6b0 JavaThread "Notification Thread" daemon [_thread_blocked, id=26524, stack(0x000000f0ef100000,0x000000f0ef200000)]
  0x0000024a0e484470 JavaThread "Daemon health stats" [_thread_blocked, id=5944, stack(0x000000f0ef700000,0x000000f0ef800000)]
  0x0000024a0e57a3b0 JavaThread "Incoming local TCP Connector on port 53402" [_thread_in_native, id=3088, stack(0x000000f0ef800000,0x000000f0ef900000)]
  0x0000024a0e7a84a0 JavaThread "Daemon periodic checks" [_thread_blocked, id=26268, stack(0x000000f0ef900000,0x000000f0efa00000)]
  0x0000024a0dc56570 JavaThread "Daemon" [_thread_blocked, id=28884, stack(0x000000f0efa00000,0x000000f0efb00000)]
  0x0000024a0e574c40 JavaThread "Handler for socket connection from /127.0.0.1:53402 to /127.0.0.1:53403" [_thread_in_native, id=28720, stack(0x000000f0efb00000,0x000000f0efc00000)]
  0x0000024a0e5f5ea0 JavaThread "Cancel handler" [_thread_blocked, id=16720, stack(0x000000f0efc00000,0x000000f0efd00000)]
  0x0000024a0dbd9630 JavaThread "Daemon worker" [_thread_in_Java, id=2052, stack(0x000000f0efd00000,0x000000f0efe00000)]
  0x0000024a0e5b4c40 JavaThread "Asynchronous log dispatcher for DefaultDaemonConnection: socket connection from /127.0.0.1:53402 to /127.0.0.1:53403" [_thread_blocked, id=24656, stack(0x000000f0efe00000,0x000000f0eff00000)]
  0x0000024a0e5b4770 JavaThread "Daemon client event forwarder" [_thread_blocked, id=29888, stack(0x000000f0f0000000,0x000000f0f0100000)]
  0x0000024a0e5b5110 JavaThread "Cache worker for journal cache (C:\Users\MSI\.gradle\caches\journal-1)" [_thread_blocked, id=20780, stack(0x000000f0f0600000,0x000000f0f0700000)]
  0x0000024a0e5b5ab0 JavaThread "File lock request listener" [_thread_in_native, id=17920, stack(0x000000f0f0700000,0x000000f0f0800000)]
  0x0000024a0e5b42a0 JavaThread "Cache worker for file hash cache (C:\Users\MSI\.gradle\caches\8.3\fileHashes)" [_thread_blocked, id=10632, stack(0x000000f0f0800000,0x000000f0f0900000)]
  0x0000024a0f4772c0 JavaThread "File watcher server" daemon [_thread_in_native, id=21136, stack(0x000000f0f0900000,0x000000f0f0a00000)]
  0x0000024a0f477790 JavaThread "File watcher consumer" daemon [_thread_blocked, id=24180, stack(0x000000f0f0a00000,0x000000f0f0b00000)]
  0x0000024a0f477c60 JavaThread "Cache worker for checksums cache (C:\Users\MSI\Desktop\gym PFE\smartbell_mobile\android\.gradle\8.3\checksums)" [_thread_blocked, id=4700, stack(0x000000f0f0b00000,0x000000f0f0c00000)]
  0x0000024a0f476920 JavaThread "Cache worker for file hash cache (C:\Users\MSI\Desktop\gym PFE\smartbell_mobile\android\.gradle\8.3\fileHashes)" [_thread_blocked, id=18844, stack(0x000000f0f0e00000,0x000000f0f0f00000)]
  0x0000024a0f476df0 JavaThread "Cache worker for cache directory md-supplier (C:\Users\MSI\.gradle\caches\8.3\md-supplier)" [_thread_blocked, id=16856, stack(0x000000f0f0f00000,0x000000f0f1000000)]
  0x0000024a0f479e10 JavaThread "Cache worker for file content cache (C:\Users\MSI\.gradle\caches\8.3\fileContent)" [_thread_blocked, id=23128, stack(0x000000f0f1000000,0x000000f0f1100000)]
  0x0000024a0f47a2e0 JavaThread "Cache worker for cache directory md-rule (C:\Users\MSI\.gradle\caches\8.3\md-rule)" [_thread_blocked, id=26172, stack(0x000000f0f1100000,0x000000f0f1200000)]
  0x0000024a0f47b620 JavaThread "Cache worker for execution history cache (C:\Users\MSI\.gradle\caches\8.3\executionHistory)" [_thread_blocked, id=20140, stack(0x000000f0f1200000,0x000000f0f1300000)]
  0x0000024a0f478600 JavaThread "jar transforms" [_thread_blocked, id=30528, stack(0x000000f0f1300000,0x000000f0f1400000)]
  0x0000024a0f47a7b0 JavaThread "jar transforms Thread 2" [_thread_blocked, id=23688, stack(0x000000f0f1400000,0x000000f0f1500000)]
  0x0000024a0f47baf0 JavaThread "jar transforms Thread 3" [_thread_blocked, id=16336, stack(0x000000f0f1500000,0x000000f0f1600000)]
  0x0000024a0f47bfc0 JavaThread "Cache worker for kotlin-dsl (C:\Users\MSI\.gradle\caches\8.3\kotlin-dsl)" [_thread_blocked, id=25272, stack(0x000000f0f1600000,0x000000f0f1700000)]
  0x0000024a0f47c490 JavaThread "jar transforms Thread 4" [_thread_blocked, id=6140, stack(0x000000f0f1700000,0x000000f0f1800000)]
  0x0000024a0f478ad0 JavaThread "jar transforms Thread 5" [_thread_blocked, id=23012, stack(0x000000f0f1800000,0x000000f0f1900000)]
  0x0000024a0f478fa0 JavaThread "Cache worker for dependencies-accessors (C:\Users\MSI\Desktop\gym PFE\smartbell_mobile\android\.gradle\8.3\dependencies-accessors)" [_thread_blocked, id=30636, stack(0x000000f0f1900000,0x000000f0f1a00000)]
  0x0000024a0f47dca0 JavaThread "Cache worker for Build Output Cleanup Cache (C:\flutter\packages\flutter_tools\gradle\.gradle\buildOutputCleanup)" [_thread_blocked, id=10552, stack(0x000000f0f1a00000,0x000000f0f1b00000)]
  0x0000024a0f47ce30 JavaThread "jar transforms Thread 6" [_thread_blocked, id=24912, stack(0x000000f0f1b00000,0x000000f0f1c00000)]
  0x0000024a0f47d300 JavaThread "jar transforms Thread 7" [_thread_blocked, id=29644, stack(0x000000f0f1c00000,0x000000f0f1d00000)]
  0x0000024a0f47d7d0 JavaThread "Memory manager" [_thread_blocked, id=16968, stack(0x000000f0f1d00000,0x000000f0f1e00000)]
  0x0000024a0edf04d0 JavaThread "jar transforms Thread 8" [_thread_blocked, id=14000, stack(0x000000f0f1e00000,0x000000f0f1f00000)]
  0x0000024a0edf1340 JavaThread "jar transforms Thread 9" [_thread_blocked, id=17492, stack(0x000000f0f1f00000,0x000000f0f2000000)]
  0x0000024a0edef660 JavaThread "included builds" [_thread_blocked, id=4412, stack(0x000000f0f2400000,0x000000f0f2500000)]
  0x0000024a0edf1810 JavaThread "Execution worker" [_thread_blocked, id=8116, stack(0x000000f0f2500000,0x000000f0f2600000)]
  0x0000024a0edf1ce0 JavaThread "Execution worker Thread 2" [_thread_blocked, id=24968, stack(0x000000f0f2600000,0x000000f0f2700000)]
  0x0000024a0edf21b0 JavaThread "Execution worker Thread 3" [_thread_blocked, id=1836, stack(0x000000f0f2700000,0x000000f0f2800000)]
  0x0000024a0edf2680 JavaThread "Execution worker Thread 4" [_thread_blocked, id=30036, stack(0x000000f0f2800000,0x000000f0f2900000)]
  0x0000024a0edf2b50 JavaThread "Execution worker Thread 5" [_thread_blocked, id=25120, stack(0x000000f0f2900000,0x000000f0f2a00000)]
  0x0000024a0edef190 JavaThread "Execution worker Thread 6" [_thread_blocked, id=13740, stack(0x000000f0f2a00000,0x000000f0f2b00000)]
  0x0000024a0edf3020 JavaThread "Execution worker Thread 7" [_thread_blocked, id=28108, stack(0x000000f0f2b00000,0x000000f0f2c00000)]
  0x0000024a0edf34f0 JavaThread "Execution worker Thread 8" [_thread_blocked, id=1780, stack(0x000000f0f2c00000,0x000000f0f2d00000)]
  0x0000024a0edf39c0 JavaThread "Execution worker Thread 9" [_thread_blocked, id=18644, stack(0x000000f0f2d00000,0x000000f0f2e00000)]
  0x0000024a0edf0000 JavaThread "Execution worker Thread 10" [_thread_blocked, id=21020, stack(0x000000f0f2e00000,0x000000f0f2f00000)]
  0x0000024a0edf6040 JavaThread "Execution worker Thread 11" [_thread_blocked, id=2524, stack(0x000000f0f2f00000,0x000000f0f3000000)]
  0x0000024a0edf56a0 JavaThread "Cache worker for execution history cache (C:\flutter\packages\flutter_tools\gradle\.gradle\8.3\executionHistory)" [_thread_blocked, id=1616, stack(0x000000f0f3000000,0x000000f0f3100000)]
  0x0000024a0edf5b70 JavaThread "Unconstrained build operations" [_thread_blocked, id=16824, stack(0x000000f0f3100000,0x000000f0f3200000)]
  0x0000024a0edf3e90 JavaThread "Unconstrained build operations Thread 2" [_thread_blocked, id=23396, stack(0x000000f0f3200000,0x000000f0f3300000)]
  0x0000024a0edf6510 JavaThread "Unconstrained build operations Thread 3" [_thread_blocked, id=3408, stack(0x000000f0f3300000,0x000000f0f3400000)]
  0x0000024a0edf4d00 JavaThread "Unconstrained build operations Thread 4" [_thread_blocked, id=27408, stack(0x000000f0f3400000,0x000000f0f3500000)]
  0x0000024a0edf4360 JavaThread "Unconstrained build operations Thread 5" [_thread_blocked, id=24672, stack(0x000000f0f3500000,0x000000f0f3600000)]
  0x0000024a0edf69e0 JavaThread "Unconstrained build operations Thread 6" [_thread_blocked, id=13912, stack(0x000000f0f3600000,0x000000f0f3700000)]
  0x0000024a0edf4830 JavaThread "Unconstrained build operations Thread 7" [_thread_blocked, id=27732, stack(0x000000f0f3700000,0x000000f0f3800000)]
  0x0000024a0edf51d0 JavaThread "Unconstrained build operations Thread 8" [_thread_blocked, id=27848, stack(0x000000f0f3800000,0x000000f0f3900000)]
  0x0000024a138fd940 JavaThread "Unconstrained build operations Thread 9" [_thread_blocked, id=24980, stack(0x000000f0f3900000,0x000000f0f3a00000)]
  0x0000024a138fa920 JavaThread "Unconstrained build operations Thread 10" [_thread_blocked, id=5712, stack(0x000000f0f3a00000,0x000000f0f3b00000)]
  0x0000024a138fd470 JavaThread "Unconstrained build operations Thread 11" [_thread_blocked, id=12100, stack(0x000000f0f2100000,0x000000f0f2200000)]
  0x0000024a138fc600 JavaThread "Unconstrained build operations Thread 12" [_thread_blocked, id=10000, stack(0x000000f0f3b00000,0x000000f0f3c00000)]
  0x0000024a138fb2c0 JavaThread "Unconstrained build operations Thread 13" [_thread_blocked, id=13016, stack(0x000000f0f3c00000,0x000000f0f3d00000)]
  0x0000024a138fadf0 JavaThread "Unconstrained build operations Thread 14" [_thread_blocked, id=28692, stack(0x000000f0f3d00000,0x000000f0f3e00000)]
  0x0000024a138fcad0 JavaThread "Unconstrained build operations Thread 15" [_thread_blocked, id=18880, stack(0x000000f0f3e00000,0x000000f0f3f00000)]
  0x0000024a138fcfa0 JavaThread "Unconstrained build operations Thread 16" [_thread_blocked, id=1736, stack(0x000000f0f3f00000,0x000000f0f4000000)]
  0x0000024a138ff150 JavaThread "Unconstrained build operations Thread 17" [_thread_blocked, id=22716, stack(0x000000f0f4000000,0x000000f0f4100000)]
  0x0000024a138fec80 JavaThread "Unconstrained build operations Thread 18" [_thread_blocked, id=28784, stack(0x000000f0f4100000,0x000000f0f4200000)]
  0x0000024a138fe2e0 JavaThread "Unconstrained build operations Thread 19" [_thread_blocked, id=25556, stack(0x000000f0f4200000,0x000000f0f4300000)]
  0x0000024a138fb790 JavaThread "Unconstrained build operations Thread 20" [_thread_blocked, id=13848, stack(0x000000f0f4300000,0x000000f0f4400000)]
  0x0000024a138ff620 JavaThread "Unconstrained build operations Thread 21" [_thread_blocked, id=9752, stack(0x000000f0f4400000,0x000000f0f4500000)]
  0x0000024a138fe7b0 JavaThread "Unconstrained build operations Thread 22" [_thread_blocked, id=27576, stack(0x000000f0f4500000,0x000000f0f4600000)]
  0x0000024a138fbc60 JavaThread "Unconstrained build operations Thread 23" [_thread_blocked, id=17000, stack(0x000000f0f4600000,0x000000f0f4700000)]
  0x0000024a138fc130 JavaThread "jar transforms Thread 10" [_thread_blocked, id=27380, stack(0x000000f0f4700000,0x000000f0f4800000)]
  0x0000024a138fffc0 JavaThread "jar transforms Thread 11" [_thread_blocked, id=4608, stack(0x000000f0f4800000,0x000000f0f4900000)]
  0x0000024a13902170 JavaThread "jar transforms Thread 12" [_thread_blocked, id=25880, stack(0x000000f0f4900000,0x000000f0f4a00000)]
  0x0000024a13900490 JavaThread "Cache worker for Build Output Cleanup Cache (C:\Users\MSI\Desktop\gym PFE\smartbell_mobile\android\.gradle\buildOutputCleanup)" [_thread_blocked, id=22168, stack(0x000000f0f4a00000,0x000000f0f4b00000)]
  0x0000024a13900e30 JavaThread "Kotlin DSL Writer" [_thread_blocked, id=27612, stack(0x000000f0f4c00000,0x000000f0f4d00000)]
  0x0000024a10e4ca40 JavaThread "C2 CompilerThread1" daemon [_thread_in_native, id=25156, stack(0x000000f0eff00000,0x000000f0f0000000)]

Other Threads:
  0x0000024a0c243250 VMThread "VM Thread" [stack: 0x000000f0ee600000,0x000000f0ee700000] [id=26320]
  0x0000024a6902f050 WatcherThread [stack: 0x000000f0ef200000,0x000000f0ef300000] [id=18504]
  0x0000024a69014f70 GCTaskThread "GC Thread#0" [stack: 0x000000f0ee100000,0x000000f0ee200000] [id=22404]
  0x0000024a0d7fdca0 GCTaskThread "GC Thread#1" [stack: 0x000000f0ef300000,0x000000f0ef400000] [id=27616]
  0x0000024a0d6bf250 GCTaskThread "GC Thread#2" [stack: 0x000000f0ef400000,0x000000f0ef500000] [id=12904]
  0x0000024a0d6d5a10 GCTaskThread "GC Thread#3" [stack: 0x000000f0ef500000,0x000000f0ef600000] [id=8176]
  0x0000024a0d9d7b60 GCTaskThread "GC Thread#4" [stack: 0x000000f0ef600000,0x000000f0ef700000] [id=19720]
  0x0000024a0d98ce70 GCTaskThread "GC Thread#5" [stack: 0x000000f0f0100000,0x000000f0f0200000] [id=17236]
  0x0000024a0d98d120 GCTaskThread "GC Thread#6" [stack: 0x000000f0f0200000,0x000000f0f0300000] [id=24928]
  0x0000024a0d98de90 GCTaskThread "GC Thread#7" [stack: 0x000000f0f0300000,0x000000f0f0400000] [id=5492]
  0x0000024a0d98cbc0 GCTaskThread "GC Thread#8" [stack: 0x000000f0f0400000,0x000000f0f0500000] [id=20628]
  0x0000024a0d98d3d0 GCTaskThread "GC Thread#9" [stack: 0x000000f0f0500000,0x000000f0f0600000] [id=2292]
  0x0000024a69025eb0 ConcurrentGCThread "G1 Main Marker" [stack: 0x000000f0ee200000,0x000000f0ee300000] [id=15164]
  0x0000024a69027660 ConcurrentGCThread "G1 Conc#0" [stack: 0x000000f0ee300000,0x000000f0ee400000] [id=25384]
  0x0000024a0e534780 ConcurrentGCThread "G1 Conc#1" [stack: 0x000000f0f0c00000,0x000000f0f0d00000] [id=26008]
  0x0000024a0e533cc0 ConcurrentGCThread "G1 Conc#2" [stack: 0x000000f0f0d00000,0x000000f0f0e00000] [id=19744]
  0x0000024a6905ec90 ConcurrentGCThread "G1 Refine#0" [stack: 0x000000f0ee400000,0x000000f0ee500000] [id=18376]
  0x0000024a13ae8910 ConcurrentGCThread "G1 Refine#1" [stack: 0x000000f0edd00000,0x000000f0ede00000] [id=5444]
  0x0000024a13ae9a50 ConcurrentGCThread "G1 Refine#2" [stack: 0x000000f0edf00000,0x000000f0ee000000] [id=588]
  0x0000024a13ae9d30 ConcurrentGCThread "G1 Refine#3" [stack: 0x000000f0f4b00000,0x000000f0f4c00000] [id=18804]
  0x0000024a13ae91b0 ConcurrentGCThread "G1 Refine#4" [stack: 0x000000f0f4d00000,0x000000f0f4e00000] [id=30132]
  0x0000024a13ae8070 ConcurrentGCThread "G1 Refine#5" [stack: 0x000000f0f4e00000,0x000000f0f4f00000] [id=20972]
  0x0000024a13ae9770 ConcurrentGCThread "G1 Refine#6" [stack: 0x000000f0f4f00000,0x000000f0f5000000] [id=19024]
  0x0000024a13ae8350 ConcurrentGCThread "G1 Refine#7" [stack: 0x000000f0f5000000,0x000000f0f5100000] [id=26200]
  0x0000024a13ae8630 ConcurrentGCThread "G1 Refine#8" [stack: 0x000000f0f5100000,0x000000f0f5200000] [id=28024]
  0x0000024a13ae8ed0 ConcurrentGCThread "G1 Refine#9" [stack: 0x000000f0f5200000,0x000000f0f5300000] [id=25712]
  0x0000024a0c0f93d0 ConcurrentGCThread "G1 Service" [stack: 0x000000f0ee500000,0x000000f0ee600000] [id=26476]

Threads with active compile tasks:
C2 CompilerThread0    84342 13609   !   4       org.jetbrains.kotlin.metadata.ProtoBuf$Function::<init> (1410 bytes)
C1 CompilerThread0    84342 13895       3       org.jetbrains.kotlin.descriptors.impl.ModuleDescriptorImpl::getCapability (24 bytes)
C2 CompilerThread1    84342 13867 %     4       org.jetbrains.org.objectweb.asm.ClassReader::<init> @ 76 (339 bytes)

VM state: not at safepoint (normal execution)

VM Mutex/Monitor currently owned by a thread: None

Heap address: 0x0000000700000000, size: 4096 MB, Compressed Oops mode: Zero based, Oop shift amount: 3

CDS archive(s) mapped at: [0x0000000800000000-0x0000000800bd0000-0x0000000800bd0000), size 12386304, SharedBaseAddress: 0x0000000800000000, ArchiveRelocationMode: 0.
Compressed class space mapped at: 0x0000000800c00000-0x0000000840c00000, reserved size: 1073741824
Narrow klass base: 0x0000000800000000, Narrow klass shift: 0, Narrow klass range: 0x100000000

GC Precious Log:
 CPUs: 12 total, 12 available
 Memory: 7893M
 Large Page Support: Disabled
 NUMA Support: Disabled
 Compressed Oops: Enabled (Zero based)
 Heap Region Size: 2M
 Heap Min Capacity: 8M
 Heap Initial Capacity: 124M
 Heap Max Capacity: 4G
 Pre-touch: Disabled
 Parallel Workers: 10
 Concurrent Workers: 3
 Concurrent Refinement Workers: 10
 Periodic GC: Disabled

Heap:
 garbage-first heap   total 499712K, used 172336K [0x0000000700000000, 0x0000000800000000)
  region size 2048K, 15 young (30720K), 3 survivors (6144K)
 Metaspace       used 123464K, committed 124288K, reserved 1163264K
  class space    used 16518K, committed 16896K, reserved 1048576K

Heap Regions: E=young(eden), S=young(survivor), O=old, HS=humongous(starts), HC=humongous(continues), CS=collection set, F=free, OA=open archive, CA=closed archive, TAMS=top-at-mark-start (previous, next)
|   0|0x0000000700000000, 0x0000000700200000, 0x0000000700200000|100%|HS|  |TAMS 0x0000000700200000, 0x0000000700000000| Complete 
|   1|0x0000000700200000, 0x0000000700400000, 0x0000000700400000|100%|HC|  |TAMS 0x0000000700400000, 0x0000000700200000| Complete 
|   2|0x0000000700400000, 0x0000000700600000, 0x0000000700600000|100%| O|  |TAMS 0x0000000700600000, 0x0000000700400000| Untracked 
|   3|0x0000000700600000, 0x0000000700800000, 0x0000000700800000|100%| O|  |TAMS 0x0000000700800000, 0x0000000700600000| Untracked 
|   4|0x0000000700800000, 0x0000000700a00000, 0x0000000700a00000|100%| O|  |TAMS 0x0000000700a00000, 0x0000000700800000| Untracked 
|   5|0x0000000700a00000, 0x0000000700c00000, 0x0000000700c00000|100%| O|  |TAMS 0x0000000700c00000, 0x0000000700a00000| Untracked 
|   6|0x0000000700c00000, 0x0000000700e00000, 0x0000000700e00000|100%| O|  |TAMS 0x0000000700e00000, 0x0000000700c00000| Untracked 
|   7|0x0000000700e00000, 0x0000000701000000, 0x0000000701000000|100%| O|  |TAMS 0x0000000701000000, 0x0000000700e00000| Untracked 
|   8|0x0000000701000000, 0x00000007011e4c00, 0x0000000701200000| 94%| O|  |TAMS 0x00000007011e4c00, 0x0000000701000000| Untracked 
|   9|0x0000000701200000, 0x0000000701400000, 0x0000000701400000|100%| O|  |TAMS 0x0000000701400000, 0x0000000701200000| Untracked 
|  10|0x0000000701400000, 0x0000000701600000, 0x0000000701600000|100%| O|  |TAMS 0x0000000701600000, 0x0000000701400000| Untracked 
|  11|0x0000000701600000, 0x0000000701800000, 0x0000000701800000|100%| O|  |TAMS 0x0000000701800000, 0x0000000701600000| Untracked 
|  12|0x0000000701800000, 0x0000000701a00000, 0x0000000701a00000|100%| O|  |TAMS 0x0000000701a00000, 0x0000000701800000| Untracked 
|  13|0x0000000701a00000, 0x0000000701c00000, 0x0000000701c00000|100%| O|  |TAMS 0x0000000701c00000, 0x0000000701a00000| Untracked 
|  14|0x0000000701c00000, 0x0000000701e00000, 0x0000000701e00000|100%| O|  |TAMS 0x0000000701e00000, 0x0000000701c00000| Untracked 
|  15|0x0000000701e00000, 0x0000000702000000, 0x0000000702000000|100%| O|  |TAMS 0x0000000702000000, 0x0000000701e00000| Untracked 
|  16|0x0000000702000000, 0x0000000702200000, 0x0000000702200000|100%| O|  |TAMS 0x0000000702200000, 0x0000000702000000| Untracked 
|  17|0x0000000702200000, 0x0000000702400000, 0x0000000702400000|100%| O|  |TAMS 0x0000000702400000, 0x0000000702200000| Untracked 
|  18|0x0000000702400000, 0x0000000702600000, 0x0000000702600000|100%| O|  |TAMS 0x0000000702600000, 0x0000000702400000| Untracked 
|  19|0x0000000702600000, 0x0000000702800000, 0x0000000702800000|100%| O|  |TAMS 0x0000000702800000, 0x0000000702600000| Untracked 
|  20|0x0000000702800000, 0x0000000702a00000, 0x0000000702a00000|100%| O|  |TAMS 0x0000000702a00000, 0x0000000702800000| Untracked 
|  21|0x0000000702a00000, 0x0000000702c00000, 0x0000000702c00000|100%| O|  |TAMS 0x0000000702c00000, 0x0000000702a00000| Untracked 
|  22|0x0000000702c00000, 0x0000000702e00000, 0x0000000702e00000|100%| O|  |TAMS 0x0000000702e00000, 0x0000000702c00000| Untracked 
|  23|0x0000000702e00000, 0x0000000703000000, 0x0000000703000000|100%| O|  |TAMS 0x0000000703000000, 0x0000000702e00000| Untracked 
|  24|0x0000000703000000, 0x0000000703200000, 0x0000000703200000|100%| O|  |TAMS 0x0000000703200000, 0x0000000703000000| Untracked 
|  25|0x0000000703200000, 0x0000000703400000, 0x0000000703400000|100%|HS|  |TAMS 0x0000000703400000, 0x0000000703200000| Complete 
|  26|0x0000000703400000, 0x0000000703600000, 0x0000000703600000|100%| O|  |TAMS 0x0000000703600000, 0x0000000703400000| Untracked 
|  27|0x0000000703600000, 0x0000000703800000, 0x0000000703800000|100%|HS|  |TAMS 0x0000000703800000, 0x0000000703600000| Complete 
|  28|0x0000000703800000, 0x0000000703a00000, 0x0000000703a00000|100%|HC|  |TAMS 0x0000000703a00000, 0x0000000703800000| Complete 
|  29|0x0000000703a00000, 0x0000000703c00000, 0x0000000703c00000|100%| O|  |TAMS 0x0000000703c00000, 0x0000000703a00000| Untracked 
|  30|0x0000000703c00000, 0x0000000703e00000, 0x0000000703e00000|100%| O|  |TAMS 0x0000000703e00000, 0x0000000703c00000| Untracked 
|  31|0x0000000703e00000, 0x0000000704000000, 0x0000000704000000|100%| O|  |TAMS 0x0000000704000000, 0x0000000703e00000| Untracked 
|  32|0x0000000704000000, 0x0000000704200000, 0x0000000704200000|100%| O|  |TAMS 0x0000000704200000, 0x0000000704000000| Untracked 
|  33|0x0000000704200000, 0x0000000704400000, 0x0000000704400000|100%| O|  |TAMS 0x0000000704400000, 0x0000000704200000| Untracked 
|  34|0x0000000704400000, 0x0000000704600000, 0x0000000704600000|100%| O|  |TAMS 0x0000000704600000, 0x0000000704400000| Untracked 
|  35|0x0000000704600000, 0x0000000704800000, 0x0000000704800000|100%|HS|  |TAMS 0x0000000704800000, 0x0000000704600000| Complete 
|  36|0x0000000704800000, 0x0000000704a00000, 0x0000000704a00000|100%| O|  |TAMS 0x0000000704a00000, 0x0000000704800000| Untracked 
|  37|0x0000000704a00000, 0x0000000704a00000, 0x0000000704c00000|  0%| F|  |TAMS 0x0000000704a00000, 0x0000000704a00000| Untracked 
|  38|0x0000000704c00000, 0x0000000704e00000, 0x0000000704e00000|100%| O|  |TAMS 0x0000000704e00000, 0x0000000704c00000| Untracked 
|  39|0x0000000704e00000, 0x0000000705000000, 0x0000000705000000|100%| O|  |TAMS 0x0000000705000000, 0x0000000704e00000| Untracked 
|  40|0x0000000705000000, 0x0000000705200000, 0x0000000705200000|100%| O|  |TAMS 0x0000000705200000, 0x0000000705000000| Untracked 
|  41|0x0000000705200000, 0x0000000705400000, 0x0000000705400000|100%|HS|  |TAMS 0x0000000705400000, 0x0000000705200000| Complete 
|  42|0x0000000705400000, 0x0000000705600000, 0x0000000705600000|100%|HC|  |TAMS 0x0000000705600000, 0x0000000705400000| Complete 
|  43|0x0000000705600000, 0x0000000705800000, 0x0000000705800000|100%| O|  |TAMS 0x0000000705800000, 0x0000000705600000| Untracked 
|  44|0x0000000705800000, 0x0000000705a00000, 0x0000000705a00000|100%| O|  |TAMS 0x0000000705a00000, 0x0000000705800000| Untracked 
|  45|0x0000000705a00000, 0x0000000705c00000, 0x0000000705c00000|100%| O|  |TAMS 0x0000000705c00000, 0x0000000705a00000| Untracked 
|  46|0x0000000705c00000, 0x0000000705e00000, 0x0000000705e00000|100%| O|  |TAMS 0x0000000705e00000, 0x0000000705c00000| Untracked 
|  47|0x0000000705e00000, 0x0000000706000000, 0x0000000706000000|100%| O|  |TAMS 0x0000000706000000, 0x0000000705e00000| Untracked 
|  48|0x0000000706000000, 0x0000000706200000, 0x0000000706200000|100%| O|  |TAMS 0x0000000706200000, 0x0000000706000000| Untracked 
|  49|0x0000000706200000, 0x0000000706400000, 0x0000000706400000|100%| O|  |TAMS 0x0000000706400000, 0x0000000706200000| Untracked 
|  50|0x0000000706400000, 0x0000000706600000, 0x0000000706600000|100%| O|  |TAMS 0x0000000706600000, 0x0000000706400000| Untracked 
|  51|0x0000000706600000, 0x0000000706800000, 0x0000000706800000|100%| O|  |TAMS 0x0000000706800000, 0x0000000706600000| Untracked 
|  52|0x0000000706800000, 0x0000000706a00000, 0x0000000706a00000|100%| O|  |TAMS 0x0000000706a00000, 0x0000000706800000| Untracked 
|  53|0x0000000706a00000, 0x0000000706c00000, 0x0000000706c00000|100%| O|  |TAMS 0x0000000706c00000, 0x0000000706a00000| Untracked 
|  54|0x0000000706c00000, 0x0000000706e00000, 0x0000000706e00000|100%| O|  |TAMS 0x0000000706e00000, 0x0000000706c00000| Untracked 
|  55|0x0000000706e00000, 0x0000000707000000, 0x0000000707000000|100%| O|  |TAMS 0x0000000707000000, 0x0000000706e00000| Untracked 
|  56|0x0000000707000000, 0x0000000707200000, 0x0000000707200000|100%| O|  |TAMS 0x0000000707200000, 0x0000000707000000| Untracked 
|  57|0x0000000707200000, 0x0000000707400000, 0x0000000707400000|100%| O|  |TAMS 0x0000000707400000, 0x0000000707200000| Untracked 
|  58|0x0000000707400000, 0x0000000707600000, 0x0000000707600000|100%| O|  |TAMS 0x0000000707600000, 0x0000000707400000| Untracked 
|  59|0x0000000707600000, 0x0000000707800000, 0x0000000707800000|100%| O|  |TAMS 0x0000000707800000, 0x0000000707600000| Untracked 
|  60|0x0000000707800000, 0x0000000707a00000, 0x0000000707a00000|100%| O|  |TAMS 0x0000000707a00000, 0x0000000707800000| Untracked 
|  61|0x0000000707a00000, 0x0000000707c00000, 0x0000000707c00000|100%| O|  |TAMS 0x0000000707c00000, 0x0000000707a00000| Untracked 
|  62|0x0000000707c00000, 0x0000000707e00000, 0x0000000707e00000|100%| O|  |TAMS 0x0000000707e00000, 0x0000000707c00000| Untracked 
|  63|0x0000000707e00000, 0x0000000708000000, 0x0000000708000000|100%| O|  |TAMS 0x0000000708000000, 0x0000000707e00000| Untracked 
|  64|0x0000000708000000, 0x0000000708200000, 0x0000000708200000|100%| O|  |TAMS 0x0000000708200000, 0x0000000708000000| Untracked 
|  65|0x0000000708200000, 0x0000000708400000, 0x0000000708400000|100%|HS|  |TAMS 0x0000000708400000, 0x0000000708200000| Complete 
|  66|0x0000000708400000, 0x0000000708600000, 0x0000000708600000|100%|HC|  |TAMS 0x0000000708600000, 0x0000000708400000| Complete 
|  67|0x0000000708600000, 0x0000000708800000, 0x0000000708800000|100%|HC|  |TAMS 0x0000000708800000, 0x0000000708600000| Complete 
|  68|0x0000000708800000, 0x0000000708a00000, 0x0000000708a00000|100%| O|  |TAMS 0x0000000708a00000, 0x0000000708800000| Untracked 
|  69|0x0000000708a00000, 0x0000000708c00000, 0x0000000708c00000|100%| O|  |TAMS 0x0000000708c00000, 0x0000000708a00000| Untracked 
|  70|0x0000000708c00000, 0x0000000708e00000, 0x0000000708e00000|100%| O|  |TAMS 0x0000000708e00000, 0x0000000708c00000| Untracked 
|  71|0x0000000708e00000, 0x0000000708e7fc00, 0x0000000709000000| 24%| O|  |TAMS 0x0000000708e7fc00, 0x0000000708e00000| Untracked 
|  72|0x0000000709000000, 0x0000000709000000, 0x0000000709200000|  0%| F|  |TAMS 0x0000000709000000, 0x0000000709000000| Untracked 
|  73|0x0000000709200000, 0x0000000709200000, 0x0000000709400000|  0%| F|  |TAMS 0x0000000709200000, 0x0000000709200000| Untracked 
|  74|0x0000000709400000, 0x0000000709400000, 0x0000000709600000|  0%| F|  |TAMS 0x0000000709400000, 0x0000000709400000| Untracked 
|  75|0x0000000709600000, 0x0000000709600000, 0x0000000709800000|  0%| F|  |TAMS 0x0000000709600000, 0x0000000709600000| Untracked 
|  76|0x0000000709800000, 0x0000000709800000, 0x0000000709a00000|  0%| F|  |TAMS 0x0000000709800000, 0x0000000709800000| Untracked 
|  77|0x0000000709a00000, 0x0000000709a00000, 0x0000000709c00000|  0%| F|  |TAMS 0x0000000709a00000, 0x0000000709a00000| Untracked 
|  78|0x0000000709c00000, 0x0000000709c00000, 0x0000000709e00000|  0%| F|  |TAMS 0x0000000709c00000, 0x0000000709c00000| Untracked 
|  79|0x0000000709e00000, 0x0000000709e00000, 0x000000070a000000|  0%| F|  |TAMS 0x0000000709e00000, 0x0000000709e00000| Untracked 
|  80|0x000000070a000000, 0x000000070a000000, 0x000000070a200000|  0%| F|  |TAMS 0x000000070a000000, 0x000000070a000000| Untracked 
|  81|0x000000070a200000, 0x000000070a200000, 0x000000070a400000|  0%| F|  |TAMS 0x000000070a200000, 0x000000070a200000| Untracked 
|  82|0x000000070a400000, 0x000000070a400000, 0x000000070a600000|  0%| F|  |TAMS 0x000000070a400000, 0x000000070a400000| Untracked 
|  83|0x000000070a600000, 0x000000070a600000, 0x000000070a800000|  0%| F|  |TAMS 0x000000070a600000, 0x000000070a600000| Untracked 
|  84|0x000000070a800000, 0x000000070a800000, 0x000000070aa00000|  0%| F|  |TAMS 0x000000070a800000, 0x000000070a800000| Untracked 
|  85|0x000000070aa00000, 0x000000070aa00000, 0x000000070ac00000|  0%| F|  |TAMS 0x000000070aa00000, 0x000000070aa00000| Untracked 
|  86|0x000000070ac00000, 0x000000070ac00000, 0x000000070ae00000|  0%| F|  |TAMS 0x000000070ac00000, 0x000000070ac00000| Untracked 
|  87|0x000000070ae00000, 0x000000070ae00000, 0x000000070b000000|  0%| F|  |TAMS 0x000000070ae00000, 0x000000070ae00000| Untracked 
|  88|0x000000070b000000, 0x000000070b000000, 0x000000070b200000|  0%| F|  |TAMS 0x000000070b000000, 0x000000070b000000| Untracked 
|  89|0x000000070b200000, 0x000000070b200000, 0x000000070b400000|  0%| F|  |TAMS 0x000000070b200000, 0x000000070b200000| Untracked 
|  90|0x000000070b400000, 0x000000070b5e7af8, 0x000000070b600000| 95%| S|CS|TAMS 0x000000070b400000, 0x000000070b400000| Complete 
|  91|0x000000070b600000, 0x000000070b800000, 0x000000070b800000|100%| S|CS|TAMS 0x000000070b600000, 0x000000070b600000| Complete 
|  92|0x000000070b800000, 0x000000070ba00000, 0x000000070ba00000|100%| S|CS|TAMS 0x000000070b800000, 0x000000070b800000| Complete 
|  93|0x000000070ba00000, 0x000000070ba00000, 0x000000070bc00000|  0%| F|  |TAMS 0x000000070ba00000, 0x000000070ba00000| Untracked 
|  94|0x000000070bc00000, 0x000000070bc00000, 0x000000070be00000|  0%| F|  |TAMS 0x000000070bc00000, 0x000000070bc00000| Untracked 
|  95|0x000000070be00000, 0x000000070be00000, 0x000000070c000000|  0%| F|  |TAMS 0x000000070be00000, 0x000000070be00000| Untracked 
|  96|0x000000070c000000, 0x000000070c000000, 0x000000070c200000|  0%| F|  |TAMS 0x000000070c000000, 0x000000070c000000| Untracked 
|  97|0x000000070c200000, 0x000000070c200000, 0x000000070c400000|  0%| F|  |TAMS 0x000000070c200000, 0x000000070c200000| Untracked 
|  98|0x000000070c400000, 0x000000070c400000, 0x000000070c600000|  0%| F|  |TAMS 0x000000070c400000, 0x000000070c400000| Untracked 
|  99|0x000000070c600000, 0x000000070c600000, 0x000000070c800000|  0%| F|  |TAMS 0x000000070c600000, 0x000000070c600000| Untracked 
| 100|0x000000070c800000, 0x000000070c800000, 0x000000070ca00000|  0%| F|  |TAMS 0x000000070c800000, 0x000000070c800000| Untracked 
| 101|0x000000070ca00000, 0x000000070ca00000, 0x000000070cc00000|  0%| F|  |TAMS 0x000000070ca00000, 0x000000070ca00000| Untracked 
| 102|0x000000070cc00000, 0x000000070cc00000, 0x000000070ce00000|  0%| F|  |TAMS 0x000000070cc00000, 0x000000070cc00000| Untracked 
| 103|0x000000070ce00000, 0x000000070ce00000, 0x000000070d000000|  0%| F|  |TAMS 0x000000070ce00000, 0x000000070ce00000| Untracked 
| 104|0x000000070d000000, 0x000000070d000000, 0x000000070d200000|  0%| F|  |TAMS 0x000000070d000000, 0x000000070d000000| Untracked 
| 105|0x000000070d200000, 0x000000070d200000, 0x000000070d400000|  0%| F|  |TAMS 0x000000070d200000, 0x000000070d200000| Untracked 
| 106|0x000000070d400000, 0x000000070d400000, 0x000000070d600000|  0%| F|  |TAMS 0x000000070d400000, 0x000000070d400000| Untracked 
| 107|0x000000070d600000, 0x000000070d600000, 0x000000070d800000|  0%| F|  |TAMS 0x000000070d600000, 0x000000070d600000| Untracked 
| 108|0x000000070d800000, 0x000000070d800000, 0x000000070da00000|  0%| F|  |TAMS 0x000000070d800000, 0x000000070d800000| Untracked 
| 109|0x000000070da00000, 0x000000070da00000, 0x000000070dc00000|  0%| F|  |TAMS 0x000000070da00000, 0x000000070da00000| Untracked 
| 110|0x000000070dc00000, 0x000000070dc00000, 0x000000070de00000|  0%| F|  |TAMS 0x000000070dc00000, 0x000000070dc00000| Untracked 
| 111|0x000000070de00000, 0x000000070de00000, 0x000000070e000000|  0%| F|  |TAMS 0x000000070de00000, 0x000000070de00000| Untracked 
| 112|0x000000070e000000, 0x000000070e000000, 0x000000070e200000|  0%| F|  |TAMS 0x000000070e000000, 0x000000070e000000| Untracked 
| 113|0x000000070e200000, 0x000000070e200000, 0x000000070e400000|  0%| F|  |TAMS 0x000000070e200000, 0x000000070e200000| Untracked 
| 114|0x000000070e400000, 0x000000070e400000, 0x000000070e600000|  0%| F|  |TAMS 0x000000070e400000, 0x000000070e400000| Untracked 
| 115|0x000000070e600000, 0x000000070e600000, 0x000000070e800000|  0%| F|  |TAMS 0x000000070e600000, 0x000000070e600000| Untracked 
| 116|0x000000070e800000, 0x000000070e800000, 0x000000070ea00000|  0%| F|  |TAMS 0x000000070e800000, 0x000000070e800000| Untracked 
| 117|0x000000070ea00000, 0x000000070ea00000, 0x000000070ec00000|  0%| F|  |TAMS 0x000000070ea00000, 0x000000070ea00000| Untracked 
| 118|0x000000070ec00000, 0x000000070ec00000, 0x000000070ee00000|  0%| F|  |TAMS 0x000000070ec00000, 0x000000070ec00000| Untracked 
| 119|0x000000070ee00000, 0x000000070ee00000, 0x000000070f000000|  0%| F|  |TAMS 0x000000070ee00000, 0x000000070ee00000| Untracked 
| 120|0x000000070f000000, 0x000000070f000000, 0x000000070f200000|  0%| F|  |TAMS 0x000000070f000000, 0x000000070f000000| Untracked 
| 121|0x000000070f200000, 0x000000070f200000, 0x000000070f400000|  0%| F|  |TAMS 0x000000070f200000, 0x000000070f200000| Untracked 
| 122|0x000000070f400000, 0x000000070f400000, 0x000000070f600000|  0%| F|  |TAMS 0x000000070f400000, 0x000000070f400000| Untracked 
| 123|0x000000070f600000, 0x000000070f600000, 0x000000070f800000|  0%| F|  |TAMS 0x000000070f600000, 0x000000070f600000| Untracked 
| 124|0x000000070f800000, 0x000000070f800000, 0x000000070fa00000|  0%| F|  |TAMS 0x000000070f800000, 0x000000070f800000| Untracked 
| 125|0x000000070fa00000, 0x000000070fa00000, 0x000000070fc00000|  0%| F|  |TAMS 0x000000070fa00000, 0x000000070fa00000| Untracked 
| 126|0x000000070fc00000, 0x000000070fc00000, 0x000000070fe00000|  0%| F|  |TAMS 0x000000070fc00000, 0x000000070fc00000| Untracked 
| 127|0x000000070fe00000, 0x000000070fe00000, 0x0000000710000000|  0%| F|  |TAMS 0x000000070fe00000, 0x000000070fe00000| Untracked 
| 128|0x0000000710000000, 0x0000000710000000, 0x0000000710200000|  0%| F|  |TAMS 0x0000000710000000, 0x0000000710000000| Untracked 
| 129|0x0000000710200000, 0x0000000710200000, 0x0000000710400000|  0%| F|  |TAMS 0x0000000710200000, 0x0000000710200000| Untracked 
| 130|0x0000000710400000, 0x0000000710400000, 0x0000000710600000|  0%| F|  |TAMS 0x0000000710400000, 0x0000000710400000| Untracked 
| 131|0x0000000710600000, 0x0000000710600000, 0x0000000710800000|  0%| F|  |TAMS 0x0000000710600000, 0x0000000710600000| Untracked 
| 132|0x0000000710800000, 0x0000000710800000, 0x0000000710a00000|  0%| F|  |TAMS 0x0000000710800000, 0x0000000710800000| Untracked 
| 133|0x0000000710a00000, 0x0000000710a00000, 0x0000000710c00000|  0%| F|  |TAMS 0x0000000710a00000, 0x0000000710a00000| Untracked 
| 134|0x0000000710c00000, 0x0000000710c00000, 0x0000000710e00000|  0%| F|  |TAMS 0x0000000710c00000, 0x0000000710c00000| Untracked 
| 135|0x0000000710e00000, 0x0000000710e00000, 0x0000000711000000|  0%| F|  |TAMS 0x0000000710e00000, 0x0000000710e00000| Untracked 
| 136|0x0000000711000000, 0x0000000711000000, 0x0000000711200000|  0%| F|  |TAMS 0x0000000711000000, 0x0000000711000000| Untracked 
| 137|0x0000000711200000, 0x0000000711200000, 0x0000000711400000|  0%| F|  |TAMS 0x0000000711200000, 0x0000000711200000| Untracked 
| 138|0x0000000711400000, 0x0000000711400000, 0x0000000711600000|  0%| F|  |TAMS 0x0000000711400000, 0x0000000711400000| Untracked 
| 139|0x0000000711600000, 0x0000000711600000, 0x0000000711800000|  0%| F|  |TAMS 0x0000000711600000, 0x0000000711600000| Untracked 
| 140|0x0000000711800000, 0x0000000711800000, 0x0000000711a00000|  0%| F|  |TAMS 0x0000000711800000, 0x0000000711800000| Untracked 
| 141|0x0000000711a00000, 0x0000000711a00000, 0x0000000711c00000|  0%| F|  |TAMS 0x0000000711a00000, 0x0000000711a00000| Untracked 
| 142|0x0000000711c00000, 0x0000000711c00000, 0x0000000711e00000|  0%| F|  |TAMS 0x0000000711c00000, 0x0000000711c00000| Untracked 
| 143|0x0000000711e00000, 0x0000000711e00000, 0x0000000712000000|  0%| F|  |TAMS 0x0000000711e00000, 0x0000000711e00000| Untracked 
| 144|0x0000000712000000, 0x0000000712000000, 0x0000000712200000|  0%| F|  |TAMS 0x0000000712000000, 0x0000000712000000| Untracked 
| 145|0x0000000712200000, 0x0000000712200000, 0x0000000712400000|  0%| F|  |TAMS 0x0000000712200000, 0x0000000712200000| Untracked 
| 146|0x0000000712400000, 0x0000000712400000, 0x0000000712600000|  0%| F|  |TAMS 0x0000000712400000, 0x0000000712400000| Untracked 
| 147|0x0000000712600000, 0x0000000712600000, 0x0000000712800000|  0%| F|  |TAMS 0x0000000712600000, 0x0000000712600000| Untracked 
| 148|0x0000000712800000, 0x0000000712800000, 0x0000000712a00000|  0%| F|  |TAMS 0x0000000712800000, 0x0000000712800000| Untracked 
| 149|0x0000000712a00000, 0x0000000712a00000, 0x0000000712c00000|  0%| F|  |TAMS 0x0000000712a00000, 0x0000000712a00000| Untracked 
| 150|0x0000000712c00000, 0x0000000712c00000, 0x0000000712e00000|  0%| F|  |TAMS 0x0000000712c00000, 0x0000000712c00000| Untracked 
| 151|0x0000000712e00000, 0x0000000712e00000, 0x0000000713000000|  0%| F|  |TAMS 0x0000000712e00000, 0x0000000712e00000| Untracked 
| 152|0x0000000713000000, 0x0000000713000000, 0x0000000713200000|  0%| F|  |TAMS 0x0000000713000000, 0x0000000713000000| Untracked 
| 153|0x0000000713200000, 0x0000000713200000, 0x0000000713400000|  0%| F|  |TAMS 0x0000000713200000, 0x0000000713200000| Untracked 
| 154|0x0000000713400000, 0x0000000713400000, 0x0000000713600000|  0%| F|  |TAMS 0x0000000713400000, 0x0000000713400000| Untracked 
| 155|0x0000000713600000, 0x0000000713600000, 0x0000000713800000|  0%| F|  |TAMS 0x0000000713600000, 0x0000000713600000| Untracked 
| 156|0x0000000713800000, 0x0000000713800000, 0x0000000713a00000|  0%| F|  |TAMS 0x0000000713800000, 0x0000000713800000| Untracked 
| 157|0x0000000713a00000, 0x0000000713a00000, 0x0000000713c00000|  0%| F|  |TAMS 0x0000000713a00000, 0x0000000713a00000| Untracked 
| 158|0x0000000713c00000, 0x0000000713c00000, 0x0000000713e00000|  0%| F|  |TAMS 0x0000000713c00000, 0x0000000713c00000| Untracked 
| 159|0x0000000713e00000, 0x0000000713e00000, 0x0000000714000000|  0%| F|  |TAMS 0x0000000713e00000, 0x0000000713e00000| Untracked 
| 160|0x0000000714000000, 0x0000000714000000, 0x0000000714200000|  0%| F|  |TAMS 0x0000000714000000, 0x0000000714000000| Untracked 
| 161|0x0000000714200000, 0x0000000714200000, 0x0000000714400000|  0%| F|  |TAMS 0x0000000714200000, 0x0000000714200000| Untracked 
| 162|0x0000000714400000, 0x0000000714400000, 0x0000000714600000|  0%| F|  |TAMS 0x0000000714400000, 0x0000000714400000| Untracked 
| 163|0x0000000714600000, 0x0000000714600000, 0x0000000714800000|  0%| F|  |TAMS 0x0000000714600000, 0x0000000714600000| Untracked 
| 164|0x0000000714800000, 0x0000000714800000, 0x0000000714a00000|  0%| F|  |TAMS 0x0000000714800000, 0x0000000714800000| Untracked 
| 165|0x0000000714a00000, 0x0000000714a00000, 0x0000000714c00000|  0%| F|  |TAMS 0x0000000714a00000, 0x0000000714a00000| Untracked 
| 166|0x0000000714c00000, 0x0000000714c00000, 0x0000000714e00000|  0%| F|  |TAMS 0x0000000714c00000, 0x0000000714c00000| Untracked 
| 167|0x0000000714e00000, 0x0000000714e00000, 0x0000000715000000|  0%| F|  |TAMS 0x0000000714e00000, 0x0000000714e00000| Untracked 
| 168|0x0000000715000000, 0x0000000715000000, 0x0000000715200000|  0%| F|  |TAMS 0x0000000715000000, 0x0000000715000000| Untracked 
| 169|0x0000000715200000, 0x0000000715200000, 0x0000000715400000|  0%| F|  |TAMS 0x0000000715200000, 0x0000000715200000| Untracked 
| 170|0x0000000715400000, 0x0000000715400000, 0x0000000715600000|  0%| F|  |TAMS 0x0000000715400000, 0x0000000715400000| Untracked 
| 171|0x0000000715600000, 0x0000000715600000, 0x0000000715800000|  0%| F|  |TAMS 0x0000000715600000, 0x0000000715600000| Untracked 
| 172|0x0000000715800000, 0x0000000715800000, 0x0000000715a00000|  0%| F|  |TAMS 0x0000000715800000, 0x0000000715800000| Untracked 
| 173|0x0000000715a00000, 0x0000000715a00000, 0x0000000715c00000|  0%| F|  |TAMS 0x0000000715a00000, 0x0000000715a00000| Untracked 
| 174|0x0000000715c00000, 0x0000000715c00000, 0x0000000715e00000|  0%| F|  |TAMS 0x0000000715c00000, 0x0000000715c00000| Untracked 
| 175|0x0000000715e00000, 0x0000000715e00000, 0x0000000716000000|  0%| F|  |TAMS 0x0000000715e00000, 0x0000000715e00000| Untracked 
| 176|0x0000000716000000, 0x0000000716000000, 0x0000000716200000|  0%| F|  |TAMS 0x0000000716000000, 0x0000000716000000| Untracked 
| 177|0x0000000716200000, 0x0000000716200000, 0x0000000716400000|  0%| F|  |TAMS 0x0000000716200000, 0x0000000716200000| Untracked 
| 178|0x0000000716400000, 0x0000000716400000, 0x0000000716600000|  0%| F|  |TAMS 0x0000000716400000, 0x0000000716400000| Untracked 
| 179|0x0000000716600000, 0x0000000716600000, 0x0000000716800000|  0%| F|  |TAMS 0x0000000716600000, 0x0000000716600000| Untracked 
| 180|0x0000000716800000, 0x0000000716800000, 0x0000000716a00000|  0%| F|  |TAMS 0x0000000716800000, 0x0000000716800000| Untracked 
| 181|0x0000000716a00000, 0x0000000716a00000, 0x0000000716c00000|  0%| F|  |TAMS 0x0000000716a00000, 0x0000000716a00000| Untracked 
| 182|0x0000000716c00000, 0x0000000716c00000, 0x0000000716e00000|  0%| F|  |TAMS 0x0000000716c00000, 0x0000000716c00000| Untracked 
| 183|0x0000000716e00000, 0x0000000716e00000, 0x0000000717000000|  0%| F|  |TAMS 0x0000000716e00000, 0x0000000716e00000| Untracked 
| 184|0x0000000717000000, 0x0000000717000000, 0x0000000717200000|  0%| F|  |TAMS 0x0000000717000000, 0x0000000717000000| Untracked 
| 185|0x0000000717200000, 0x0000000717200000, 0x0000000717400000|  0%| F|  |TAMS 0x0000000717200000, 0x0000000717200000| Untracked 
| 186|0x0000000717400000, 0x0000000717400000, 0x0000000717600000|  0%| F|  |TAMS 0x0000000717400000, 0x0000000717400000| Untracked 
| 187|0x0000000717600000, 0x0000000717600000, 0x0000000717800000|  0%| F|  |TAMS 0x0000000717600000, 0x0000000717600000| Untracked 
| 188|0x0000000717800000, 0x0000000717800000, 0x0000000717a00000|  0%| F|  |TAMS 0x0000000717800000, 0x0000000717800000| Untracked 
| 189|0x0000000717a00000, 0x0000000717a00000, 0x0000000717c00000|  0%| F|  |TAMS 0x0000000717a00000, 0x0000000717a00000| Untracked 
| 190|0x0000000717c00000, 0x0000000717c00000, 0x0000000717e00000|  0%| F|  |TAMS 0x0000000717c00000, 0x0000000717c00000| Untracked 
| 191|0x0000000717e00000, 0x0000000717e00000, 0x0000000718000000|  0%| F|  |TAMS 0x0000000717e00000, 0x0000000717e00000| Untracked 
| 192|0x0000000718000000, 0x0000000718000000, 0x0000000718200000|  0%| F|  |TAMS 0x0000000718000000, 0x0000000718000000| Untracked 
| 193|0x0000000718200000, 0x0000000718200000, 0x0000000718400000|  0%| F|  |TAMS 0x0000000718200000, 0x0000000718200000| Untracked 
| 194|0x0000000718400000, 0x0000000718400000, 0x0000000718600000|  0%| F|  |TAMS 0x0000000718400000, 0x0000000718400000| Untracked 
| 195|0x0000000718600000, 0x0000000718600000, 0x0000000718800000|  0%| F|  |TAMS 0x0000000718600000, 0x0000000718600000| Untracked 
| 196|0x0000000718800000, 0x0000000718800000, 0x0000000718a00000|  0%| F|  |TAMS 0x0000000718800000, 0x0000000718800000| Untracked 
| 197|0x0000000718a00000, 0x0000000718a00000, 0x0000000718c00000|  0%| F|  |TAMS 0x0000000718a00000, 0x0000000718a00000| Untracked 
| 198|0x0000000718c00000, 0x0000000718c00000, 0x0000000718e00000|  0%| F|  |TAMS 0x0000000718c00000, 0x0000000718c00000| Untracked 
| 199|0x0000000718e00000, 0x0000000718e00000, 0x0000000719000000|  0%| F|  |TAMS 0x0000000718e00000, 0x0000000718e00000| Untracked 
| 200|0x0000000719000000, 0x0000000719000000, 0x0000000719200000|  0%| F|  |TAMS 0x0000000719000000, 0x0000000719000000| Untracked 
| 201|0x0000000719200000, 0x0000000719200000, 0x0000000719400000|  0%| F|  |TAMS 0x0000000719200000, 0x0000000719200000| Untracked 
| 202|0x0000000719400000, 0x0000000719400000, 0x0000000719600000|  0%| F|  |TAMS 0x0000000719400000, 0x0000000719400000| Untracked 
| 203|0x0000000719600000, 0x0000000719600000, 0x0000000719800000|  0%| F|  |TAMS 0x0000000719600000, 0x0000000719600000| Untracked 
| 204|0x0000000719800000, 0x0000000719800000, 0x0000000719a00000|  0%| F|  |TAMS 0x0000000719800000, 0x0000000719800000| Untracked 
| 205|0x0000000719a00000, 0x0000000719a00000, 0x0000000719c00000|  0%| F|  |TAMS 0x0000000719a00000, 0x0000000719a00000| Untracked 
| 206|0x0000000719c00000, 0x0000000719c00000, 0x0000000719e00000|  0%| F|  |TAMS 0x0000000719c00000, 0x0000000719c00000| Untracked 
| 207|0x0000000719e00000, 0x0000000719e00000, 0x000000071a000000|  0%| F|  |TAMS 0x0000000719e00000, 0x0000000719e00000| Untracked 
| 208|0x000000071a000000, 0x000000071a000000, 0x000000071a200000|  0%| F|  |TAMS 0x000000071a000000, 0x000000071a000000| Untracked 
| 209|0x000000071a200000, 0x000000071a200000, 0x000000071a400000|  0%| F|  |TAMS 0x000000071a200000, 0x000000071a200000| Untracked 
| 210|0x000000071a400000, 0x000000071a400000, 0x000000071a600000|  0%| F|  |TAMS 0x000000071a400000, 0x000000071a400000| Untracked 
| 211|0x000000071a600000, 0x000000071a600000, 0x000000071a800000|  0%| F|  |TAMS 0x000000071a600000, 0x000000071a600000| Untracked 
| 212|0x000000071a800000, 0x000000071a800000, 0x000000071aa00000|  0%| F|  |TAMS 0x000000071a800000, 0x000000071a800000| Untracked 
| 213|0x000000071aa00000, 0x000000071aa00000, 0x000000071ac00000|  0%| F|  |TAMS 0x000000071aa00000, 0x000000071aa00000| Untracked 
| 214|0x000000071ac00000, 0x000000071ac00000, 0x000000071ae00000|  0%| F|  |TAMS 0x000000071ac00000, 0x000000071ac00000| Untracked 
| 215|0x000000071ae00000, 0x000000071ae00000, 0x000000071b000000|  0%| F|  |TAMS 0x000000071ae00000, 0x000000071ae00000| Untracked 
| 216|0x000000071b000000, 0x000000071b000000, 0x000000071b200000|  0%| F|  |TAMS 0x000000071b000000, 0x000000071b000000| Untracked 
| 217|0x000000071b200000, 0x000000071b200000, 0x000000071b400000|  0%| F|  |TAMS 0x000000071b200000, 0x000000071b200000| Untracked 
| 218|0x000000071b400000, 0x000000071b400000, 0x000000071b600000|  0%| F|  |TAMS 0x000000071b400000, 0x000000071b400000| Untracked 
| 219|0x000000071b600000, 0x000000071b600000, 0x000000071b800000|  0%| F|  |TAMS 0x000000071b600000, 0x000000071b600000| Untracked 
| 220|0x000000071b800000, 0x000000071b800000, 0x000000071ba00000|  0%| F|  |TAMS 0x000000071b800000, 0x000000071b800000| Untracked 
| 221|0x000000071ba00000, 0x000000071ba00000, 0x000000071bc00000|  0%| F|  |TAMS 0x000000071ba00000, 0x000000071ba00000| Untracked 
| 222|0x000000071bc00000, 0x000000071bc00000, 0x000000071be00000|  0%| F|  |TAMS 0x000000071bc00000, 0x000000071bc00000| Untracked 
| 223|0x000000071be00000, 0x000000071be00000, 0x000000071c000000|  0%| F|  |TAMS 0x000000071be00000, 0x000000071be00000| Untracked 
| 224|0x000000071c000000, 0x000000071c000000, 0x000000071c200000|  0%| F|  |TAMS 0x000000071c000000, 0x000000071c000000| Untracked 
| 225|0x000000071c200000, 0x000000071c200000, 0x000000071c400000|  0%| F|  |TAMS 0x000000071c200000, 0x000000071c200000| Untracked 
| 226|0x000000071c400000, 0x000000071c400000, 0x000000071c600000|  0%| F|  |TAMS 0x000000071c400000, 0x000000071c400000| Untracked 
| 227|0x000000071c600000, 0x000000071c600000, 0x000000071c800000|  0%| F|  |TAMS 0x000000071c600000, 0x000000071c600000| Untracked 
| 228|0x000000071c800000, 0x000000071c800000, 0x000000071ca00000|  0%| F|  |TAMS 0x000000071c800000, 0x000000071c800000| Untracked 
| 229|0x000000071ca00000, 0x000000071ca00000, 0x000000071cc00000|  0%| F|  |TAMS 0x000000071ca00000, 0x000000071ca00000| Untracked 
| 230|0x000000071cc00000, 0x000000071cc00000, 0x000000071ce00000|  0%| F|  |TAMS 0x000000071cc00000, 0x000000071cc00000| Untracked 
| 231|0x000000071ce00000, 0x000000071ce00000, 0x000000071d000000|  0%| F|  |TAMS 0x000000071ce00000, 0x000000071ce00000| Untracked 
| 232|0x000000071d000000, 0x000000071d200000, 0x000000071d200000|100%| E|CS|TAMS 0x000000071d000000, 0x000000071d000000| Complete 
| 233|0x000000071d200000, 0x000000071d400000, 0x000000071d400000|100%| E|CS|TAMS 0x000000071d200000, 0x000000071d200000| Complete 
| 234|0x000000071d400000, 0x000000071d600000, 0x000000071d600000|100%| E|CS|TAMS 0x000000071d400000, 0x000000071d400000| Complete 
| 235|0x000000071d600000, 0x000000071d800000, 0x000000071d800000|100%| E|CS|TAMS 0x000000071d600000, 0x000000071d600000| Complete 
| 236|0x000000071d800000, 0x000000071da00000, 0x000000071da00000|100%| E|CS|TAMS 0x000000071d800000, 0x000000071d800000| Complete 
| 237|0x000000071da00000, 0x000000071dc00000, 0x000000071dc00000|100%| E|CS|TAMS 0x000000071da00000, 0x000000071da00000| Complete 
| 238|0x000000071dc00000, 0x000000071de00000, 0x000000071de00000|100%| E|CS|TAMS 0x000000071dc00000, 0x000000071dc00000| Complete 
| 239|0x000000071de00000, 0x000000071e000000, 0x000000071e000000|100%| E|CS|TAMS 0x000000071de00000, 0x000000071de00000| Complete 
| 240|0x000000071e000000, 0x000000071e200000, 0x000000071e200000|100%| E|CS|TAMS 0x000000071e000000, 0x000000071e000000| Complete 
| 241|0x000000071e200000, 0x000000071e400000, 0x000000071e400000|100%| E|CS|TAMS 0x000000071e200000, 0x000000071e200000| Complete 
| 242|0x000000071e400000, 0x000000071e600000, 0x000000071e600000|100%| E|CS|TAMS 0x000000071e400000, 0x000000071e400000| Complete 
| 243|0x000000071e600000, 0x000000071e800000, 0x000000071e800000|100%| E|CS|TAMS 0x000000071e600000, 0x000000071e600000| Complete 

Card table byte_map: [0x0000024a00800000,0x0000024a01000000] _byte_map_base: 0x00000249fd000000

Marking Bits (Prev, Next): (CMBitMap*) 0x0000024a690155c0, (CMBitMap*) 0x0000024a69015580
 Prev Bits: [0x0000024a05800000, 0x0000024a09800000)
 Next Bits: [0x0000024a01800000, 0x0000024a05800000)

Polling page: 0x0000024a67140000

Metaspace:

Usage:
  Non-class:    104.47 MB used.
      Class:     16.14 MB used.
       Both:    120.61 MB used.

Virtual space:
  Non-class space:      112.00 MB reserved,     104.88 MB ( 94%) committed,  14 nodes.
      Class space:        1.00 GB reserved,      16.50 MB (  2%) committed,  1 nodes.
             Both:        1.11 GB reserved,     121.38 MB ( 11%) committed. 

Chunk freelists:
   Non-Class:  2.94 MB
       Class:  3.38 MB
        Both:  6.31 MB

MaxMetaspaceSize: 2.00 GB
CompressedClassSpaceSize: 1.00 GB
Initial GC threshold: 21.00 MB
Current GC threshold: 200.62 MB
CDS: on
MetaspaceReclaimPolicy: balanced
 - commit_granule_bytes: 65536.
 - commit_granule_words: 8192.
 - virtual_space_node_default_size: 1048576.
 - enlarge_chunks_in_place: 1.
 - new_chunks_are_fully_committed: 0.
 - uncommit_free_chunks: 1.
 - use_allocation_guard: 0.
 - handle_deallocations: 1.


Internal statistics:

num_allocs_failed_limit: 6.
num_arena_births: 1082.
num_arena_deaths: 8.
num_vsnodes_births: 15.
num_vsnodes_deaths: 0.
num_space_committed: 1940.
num_space_uncommitted: 0.
num_chunks_returned_to_freelist: 21.
num_chunks_taken_from_freelist: 5669.
num_chunk_merges: 8.
num_chunk_splits: 4080.
num_chunks_enlarged: 3105.
num_purges: 6.
num_inconsistent_stats: 0.

CodeHeap 'non-profiled nmethods': size=120000Kb used=6597Kb max_used=6597Kb free=113402Kb
 bounds [0x0000024a782e0000, 0x0000024a78960000, 0x0000024a7f810000]
CodeHeap 'profiled nmethods': size=120000Kb used=24245Kb max_used=24245Kb free=95754Kb
 bounds [0x0000024a70810000, 0x0000024a71fc0000, 0x0000024a77d40000]
CodeHeap 'non-nmethods': size=5760Kb used=2519Kb max_used=2557Kb free=3240Kb
 bounds [0x0000024a77d40000, 0x0000024a77fd0000, 0x0000024a782e0000]
 total_blobs=13330 nmethods=12276 adapters=965
 compilation: enabled
              stopped_count=0, restarted_count=0
 full_count=0

Compilation events (20 events):
Event: 83.186 Thread 0x0000024a0c282b00 13814       2       org.jetbrains.kotlin.types.DelegatingSimpleType::getArguments (8 bytes)
Event: 83.186 Thread 0x0000024a0c282b00 nmethod 13814 0x0000024a71f85210 code [0x0000024a71f853c0, 0x0000024a71f85518]
Event: 83.186 Thread 0x0000024a0c282b00 13811       2       org.jetbrains.kotlin.descriptors.impl.FunctionDescriptorImpl::getKind (14 bytes)
Event: 83.187 Thread 0x0000024a0c282b00 nmethod 13811 0x0000024a71f85610 code [0x0000024a71f857a0, 0x0000024a71f858e8]
Event: 83.187 Thread 0x0000024a0c282b00 13815       1       org.jetbrains.kotlin.load.java.typeEnhancement.JavaTypeQualifiers::isNullabilityQualifierForWarning (5 bytes)
Event: 83.187 Thread 0x0000024a0c282b00 nmethod 13815 0x0000024a78942d90 code [0x0000024a78942f20, 0x0000024a78942ff8]
Event: 83.187 Thread 0x0000024a0c282b00 13818       2       kotlin.sequences.SequencesKt__SequencesKt$flatten$3::invoke (2 bytes)
Event: 83.187 Thread 0x0000024a0c282b00 nmethod 13818 0x0000024a71f85990 code [0x0000024a71f85b20, 0x0000024a71f85c38]
Event: 83.187 Thread 0x0000024a0c282b00 13820       2       org.jetbrains.kotlin.util.slicedMap.OpenAddressLinearProbingHashTable::get (91 bytes)
Event: 83.189 Thread 0x0000024a0c282b00 nmethod 13820 0x0000024a71f85d10 code [0x0000024a71f85f20, 0x0000024a71f86428]
Event: 83.189 Thread 0x0000024a0c282b00 13821       2       org.jetbrains.kotlin.resolve.DelegatingBindingTrace::get (29 bytes)
Event: 83.190 Thread 0x0000024a0c282b00 nmethod 13821 0x0000024a71f86790 code [0x0000024a71f86980, 0x0000024a71f86cb8]
Event: 83.190 Thread 0x0000024a0c282b00 13822       2       org.jetbrains.kotlin.resolve.DelegatingBindingTrace::selfGet (82 bytes)
Event: 83.192 Thread 0x0000024a0c282b00 nmethod 13822 0x0000024a71f86e90 code [0x0000024a71f87080, 0x0000024a71f87458]
Event: 83.192 Thread 0x0000024a0c282b00 13823       2       org.jetbrains.kotlin.resolve.DelegatingBindingTrace$MyBindingContext::get (16 bytes)
Event: 83.194 Thread 0x0000024a0c282b00 nmethod 13823 0x0000024a71f87690 code [0x0000024a71f878c0, 0x0000024a71f87db8]
Event: 83.194 Thread 0x0000024a0c282b00 13819       2       kotlin.sequences.SequencesKt__SequencesKt$flatten$1::invoke (9 bytes)
Event: 83.196 Thread 0x0000024a0c282b00 nmethod 13819 0x0000024a71f88110 code [0x0000024a71f88300, 0x0000024a71f88628]
Event: 83.197 Thread 0x0000024a10e4ca40 nmethod 13799 0x0000024a78943090 code [0x0000024a78943260, 0x0000024a78943878]
Event: 83.199 Thread 0x0000024a10e4ca40 13631       4       org.jetbrains.kotlin.protobuf.CodedOutputStream::writeInt32 (12 bytes)

GC Heap History (20 events):
Event: 66.991 GC heap before
{Heap before GC invocations=57 (full 0):
 garbage-first heap   total 194560K, used 168074K [0x0000000700000000, 0x0000000800000000)
  region size 2048K, 33 young (67584K), 3 survivors (6144K)
 Metaspace       used 101129K, committed 102016K, reserved 1138688K
  class space    used 14066K, committed 14464K, reserved 1048576K
}
Event: 67.020 GC heap after
{Heap after GC invocations=58 (full 0):
 garbage-first heap   total 194560K, used 117936K [0x0000000700000000, 0x0000000800000000)
  region size 2048K, 5 young (10240K), 5 survivors (10240K)
 Metaspace       used 101129K, committed 102016K, reserved 1138688K
  class space    used 14066K, committed 14464K, reserved 1048576K
}
Event: 67.770 GC heap before
{Heap before GC invocations=58 (full 0):
 garbage-first heap   total 194560K, used 154800K [0x0000000700000000, 0x0000000800000000)
  region size 2048K, 23 young (47104K), 5 survivors (10240K)
 Metaspace       used 101765K, committed 102592K, reserved 1138688K
  class space    used 14147K, committed 14528K, reserved 1048576K
}
Event: 67.793 GC heap after
{Heap after GC invocations=59 (full 0):
 garbage-first heap   total 194560K, used 127589K [0x0000000700000000, 0x0000000800000000)
  region size 2048K, 3 young (6144K), 3 survivors (6144K)
 Metaspace       used 101765K, committed 102592K, reserved 1138688K
  class space    used 14147K, committed 14528K, reserved 1048576K
}
Event: 69.104 GC heap before
{Heap before GC invocations=60 (full 0):
 garbage-first heap   total 223232K, used 156261K [0x0000000700000000, 0x0000000800000000)
  region size 2048K, 17 young (34816K), 3 survivors (6144K)
 Metaspace       used 104973K, committed 105856K, reserved 1146880K
  class space    used 14503K, committed 14912K, reserved 1048576K
}
Event: 69.117 GC heap after
{Heap after GC invocations=61 (full 0):
 garbage-first heap   total 223232K, used 130563K [0x0000000700000000, 0x0000000800000000)
  region size 2048K, 1 young (2048K), 1 survivors (2048K)
 Metaspace       used 104973K, committed 105856K, reserved 1146880K
  class space    used 14503K, committed 14912K, reserved 1048576K
}
Event: 69.236 GC heap before
{Heap before GC invocations=61 (full 0):
 garbage-first heap   total 223232K, used 130563K [0x0000000700000000, 0x0000000800000000)
  region size 2048K, 2 young (4096K), 1 survivors (2048K)
 Metaspace       used 105125K, committed 105984K, reserved 1146880K
  class space    used 14530K, committed 14912K, reserved 1048576K
}
Event: 69.241 GC heap after
{Heap after GC invocations=62 (full 0):
 garbage-first heap   total 223232K, used 129928K [0x0000000700000000, 0x0000000800000000)
  region size 2048K, 1 young (2048K), 1 survivors (2048K)
 Metaspace       used 105125K, committed 105984K, reserved 1146880K
  class space    used 14530K, committed 14912K, reserved 1048576K
}
Event: 73.807 GC heap before
{Heap before GC invocations=63 (full 0):
 garbage-first heap   total 233472K, used 185224K [0x0000000700000000, 0x0000000800000000)
  region size 2048K, 26 young (53248K), 1 survivors (2048K)
 Metaspace       used 108740K, committed 109632K, reserved 1146880K
  class space    used 14877K, committed 15296K, reserved 1048576K
}
Event: 73.815 GC heap after
{Heap after GC invocations=64 (full 0):
 garbage-first heap   total 233472K, used 140789K [0x0000000700000000, 0x0000000800000000)
  region size 2048K, 3 young (6144K), 3 survivors (6144K)
 Metaspace       used 108740K, committed 109632K, reserved 1146880K
  class space    used 14877K, committed 15296K, reserved 1048576K
}
Event: 73.969 GC heap before
{Heap before GC invocations=64 (full 0):
 garbage-first heap   total 233472K, used 144885K [0x0000000700000000, 0x0000000800000000)
  region size 2048K, 5 young (10240K), 3 survivors (6144K)
 Metaspace       used 109217K, committed 110080K, reserved 1146880K
  class space    used 14906K, committed 15296K, reserved 1048576K
}
Event: 73.975 GC heap after
{Heap after GC invocations=65 (full 0):
 garbage-first heap   total 233472K, used 139506K [0x0000000700000000, 0x0000000800000000)
  region size 2048K, 1 young (2048K), 1 survivors (2048K)
 Metaspace       used 109217K, committed 110080K, reserved 1146880K
  class space    used 14906K, committed 15296K, reserved 1048576K
}
Event: 77.158 GC heap before
{Heap before GC invocations=65 (full 0):
 garbage-first heap   total 233472K, used 186610K [0x0000000700000000, 0x0000000800000000)
  region size 2048K, 25 young (51200K), 1 survivors (2048K)
 Metaspace       used 114432K, committed 115328K, reserved 1155072K
  class space    used 15459K, committed 15872K, reserved 1048576K
}
Event: 77.167 GC heap after
{Heap after GC invocations=66 (full 0):
 garbage-first heap   total 233472K, used 140791K [0x0000000700000000, 0x0000000800000000)
  region size 2048K, 2 young (4096K), 2 survivors (4096K)
 Metaspace       used 114432K, committed 115328K, reserved 1155072K
  class space    used 15459K, committed 15872K, reserved 1048576K
}
Event: 79.848 GC heap before
{Heap before GC invocations=67 (full 0):
 garbage-first heap   total 249856K, used 189943K [0x0000000700000000, 0x0000000800000000)
  region size 2048K, 27 young (55296K), 2 survivors (4096K)
 Metaspace       used 119034K, committed 119872K, reserved 1155072K
  class space    used 16036K, committed 16448K, reserved 1048576K
}
Event: 79.861 GC heap after
{Heap after GC invocations=68 (full 0):
 garbage-first heap   total 249856K, used 145328K [0x0000000700000000, 0x0000000800000000)
  region size 2048K, 4 young (8192K), 4 survivors (8192K)
 Metaspace       used 119034K, committed 119872K, reserved 1155072K
  class space    used 16036K, committed 16448K, reserved 1048576K
}
Event: 79.896 GC heap before
{Heap before GC invocations=68 (full 0):
 garbage-first heap   total 249856K, used 149424K [0x0000000700000000, 0x0000000800000000)
  region size 2048K, 6 young (12288K), 4 survivors (8192K)
 Metaspace       used 119058K, committed 119936K, reserved 1155072K
  class space    used 16036K, committed 16448K, reserved 1048576K
}
Event: 79.912 GC heap after
{Heap after GC invocations=69 (full 0):
 garbage-first heap   total 249856K, used 145810K [0x0000000700000000, 0x0000000800000000)
  region size 2048K, 1 young (2048K), 1 survivors (2048K)
 Metaspace       used 119058K, committed 119936K, reserved 1155072K
  class space    used 16036K, committed 16448K, reserved 1048576K
}
Event: 82.345 GC heap before
{Heap before GC invocations=69 (full 0):
 garbage-first heap   total 249856K, used 203154K [0x0000000700000000, 0x0000000800000000)
  region size 2048K, 29 young (59392K), 1 survivors (2048K)
 Metaspace       used 122386K, committed 123200K, reserved 1163264K
  class space    used 16390K, committed 16768K, reserved 1048576K
}
Event: 82.365 GC heap after
{Heap after GC invocations=70 (full 0):
 garbage-first heap   total 499712K, used 149808K [0x0000000700000000, 0x0000000800000000)
  region size 2048K, 3 young (6144K), 3 survivors (6144K)
 Metaspace       used 122386K, committed 123200K, reserved 1163264K
  class space    used 16390K, committed 16768K, reserved 1048576K
}

Deoptimization events (20 events):
Event: 80.141 Thread 0x0000024a0dbd9630 DEOPT PACKING pc=0x0000024a7881dbac sp=0x000000f0efdebcb0
Event: 80.141 Thread 0x0000024a0dbd9630 DEOPT UNPACKING pc=0x0000024a77d95ba3 sp=0x000000f0efdeba08 mode 2
Event: 80.141 Thread 0x0000024a0dbd9630 Uncommon trap: trap_request=0xffffffbe fr.pc=0x0000024a7881dbac relative=0x0000000000001fcc
Event: 80.141 Thread 0x0000024a0dbd9630 Uncommon trap: reason=profile_predicate action=maybe_recompile pc=0x0000024a7881dbac method=jdk.internal.jimage.ImageStringsReader.stringFromByteBufferMatches(Ljava/nio/ByteBuffer;ILjava/lang/String;I)I @ 19 c2
Event: 80.141 Thread 0x0000024a0dbd9630 DEOPT PACKING pc=0x0000024a7881dbac sp=0x000000f0efdebcb0
Event: 80.141 Thread 0x0000024a0dbd9630 DEOPT UNPACKING pc=0x0000024a77d95ba3 sp=0x000000f0efdeba08 mode 2
Event: 80.142 Thread 0x0000024a0dbd9630 Uncommon trap: trap_request=0xffffffbe fr.pc=0x0000024a7881dbac relative=0x0000000000001fcc
Event: 80.142 Thread 0x0000024a0dbd9630 Uncommon trap: reason=profile_predicate action=maybe_recompile pc=0x0000024a7881dbac method=jdk.internal.jimage.ImageStringsReader.stringFromByteBufferMatches(Ljava/nio/ByteBuffer;ILjava/lang/String;I)I @ 19 c2
Event: 80.142 Thread 0x0000024a0dbd9630 DEOPT PACKING pc=0x0000024a7881dbac sp=0x000000f0efdebcb0
Event: 80.142 Thread 0x0000024a0dbd9630 DEOPT UNPACKING pc=0x0000024a77d95ba3 sp=0x000000f0efdeba08 mode 2
Event: 80.142 Thread 0x0000024a0dbd9630 Uncommon trap: trap_request=0xffffffbe fr.pc=0x0000024a7881dbac relative=0x0000000000001fcc
Event: 80.142 Thread 0x0000024a0dbd9630 Uncommon trap: reason=profile_predicate action=maybe_recompile pc=0x0000024a7881dbac method=jdk.internal.jimage.ImageStringsReader.stringFromByteBufferMatches(Ljava/nio/ByteBuffer;ILjava/lang/String;I)I @ 19 c2
Event: 80.142 Thread 0x0000024a0dbd9630 DEOPT PACKING pc=0x0000024a7881dbac sp=0x000000f0efdebcb0
Event: 80.143 Thread 0x0000024a0dbd9630 DEOPT UNPACKING pc=0x0000024a77d95ba3 sp=0x000000f0efdeba08 mode 2
Event: 82.582 Thread 0x0000024a0dbd9630 DEOPT PACKING pc=0x0000024a71e20233 sp=0x000000f0efdea270
Event: 82.582 Thread 0x0000024a0dbd9630 DEOPT UNPACKING pc=0x0000024a77d966e3 sp=0x000000f0efde9778 mode 0
Event: 82.613 Thread 0x0000024a0dbd9630 DEOPT PACKING pc=0x0000024a71e20233 sp=0x000000f0efdea270
Event: 82.613 Thread 0x0000024a0dbd9630 DEOPT UNPACKING pc=0x0000024a77d966e3 sp=0x000000f0efde9778 mode 0
Event: 82.626 Thread 0x0000024a0dbd9630 DEOPT PACKING pc=0x0000024a71e20233 sp=0x000000f0efdea270
Event: 82.626 Thread 0x0000024a0dbd9630 DEOPT UNPACKING pc=0x0000024a77d966e3 sp=0x000000f0efde9778 mode 0

Classes unloaded (13 events):
Event: 52.874 Thread 0x0000024a0c243250 Unloading class 0x00000008016593e8 '_BuildScript_$_run_closure4'
Event: 52.875 Thread 0x0000024a0c243250 Unloading class 0x0000000801659000 '_BuildScript_$_run_closure3'
Event: 52.875 Thread 0x0000024a0c243250 Unloading class 0x0000000801655c00 '_BuildScript_$_run_closure2'
Event: 52.875 Thread 0x0000024a0c243250 Unloading class 0x0000000801658920 '_BuildScript_$_run_closure1$_closure5'
Event: 52.875 Thread 0x0000024a0c243250 Unloading class 0x0000000801658538 '_BuildScript_$_run_closure1'
Event: 52.875 Thread 0x0000024a0c243250 Unloading class 0x0000000801658000 '_BuildScript_'
Event: 52.875 Thread 0x0000024a0c243250 Unloading class 0x0000000801654000 '_BuildScript_'
Event: 54.700 Thread 0x0000024a0c243250 Unloading class 0x0000000801663000 '_BuildScript_$_run_closure1'
Event: 54.700 Thread 0x0000024a0c243250 Unloading class 0x0000000801662800 '_BuildScript_'
Event: 69.394 Thread 0x0000024a0c243250 Unloading class 0x00000008017e1520 '_BuildScript_$_run_closure1'
Event: 69.394 Thread 0x0000024a0c243250 Unloading class 0x00000008017e1000 '_BuildScript_'
Event: 69.394 Thread 0x0000024a0c243250 Unloading class 0x00000008017e0a80 'NativePluginLoader$_getPlugins_closure1'
Event: 69.394 Thread 0x0000024a0c243250 Unloading class 0x00000008017e0800 'NativePluginLoader'

Classes redefined (0 events):
No events

Internal exceptions (20 events):
Event: 59.504 Thread 0x0000024a0dbd9630 Implicit null exception at 0x0000024a784c89b4 to 0x0000024a784c8ecc
Event: 59.515 Thread 0x0000024a0dbd9630 Exception <a 'java/lang/ClassNotFoundException'{0x000000070a50a310}: org/apache/tools/ant/taskdefs/condition/OsBeanInfo> (0x000000070a50a310) 
thrown [s\open\src\hotspot\share\classfile\systemDictionary.cpp, line 256]
Event: 59.520 Thread 0x0000024a0dbd9630 Exception <a 'java/lang/ClassNotFoundException'{0x000000070a53a4e0}: org/apache/tools/ant/taskdefs/condition/OsCustomizer> (0x000000070a53a4e0) 
thrown [s\open\src\hotspot\share\classfile\systemDictionary.cpp, line 256]
Event: 60.997 Thread 0x0000024a0dbd9630 Implicit null exception at 0x0000024a7833c325 to 0x0000024a7833d970
Event: 61.499 Thread 0x0000024a0dbd9630 Exception <a 'java/lang/NoSuchMethodError'{0x0000000709ed7f30}: 'java.lang.Object java.lang.invoke.DirectMethodHandle$Holder.invokeStaticInit(java.lang.Object, int)'> (0x0000000709ed7f30) 
thrown [s\open\src\hotspot\share\interpreter\linkResolver.cpp, line 759]
Event: 62.904 Thread 0x0000024a0dbd9630 Exception <a 'sun/nio/fs/WindowsException'{0x00000007087e5af0}> (0x00000007087e5af0) 
thrown [s\open\src\hotspot\share\prims\jni.cpp, line 516]
Event: 62.905 Thread 0x0000024a0dbd9630 Exception <a 'sun/nio/fs/WindowsException'{0x00000007087e8598}> (0x00000007087e8598) 
thrown [s\open\src\hotspot\share\prims\jni.cpp, line 516]
Event: 63.264 Thread 0x0000024a0dbd9630 Exception <a 'java/lang/NoSuchMethodError'{0x000000070b9c2000}: 'long java.lang.invoke.DirectMethodHandle$Holder.invokeStatic(java.lang.Object)'> (0x000000070b9c2000) 
thrown [s\open\src\hotspot\share\interpreter\linkResolver.cpp, line 759]
Event: 63.266 Thread 0x0000024a0dbd9630 Exception <a 'java/lang/NoSuchMethodError'{0x000000070b9c7b90}: 'long java.lang.invoke.DirectMethodHandle$Holder.invokeStaticInit(java.lang.Object)'> (0x000000070b9c7b90) 
thrown [s\open\src\hotspot\share\interpreter\linkResolver.cpp, line 759]
Event: 63.488 Thread 0x0000024a0dbd9630 Exception <a 'java/lang/NoSuchMethodError'{0x000000070b3a9b88}: 'long java.lang.invoke.Invokers$Holder.invoke_MT(java.lang.Object, java.lang.Object, java.lang.Object, java.lang.Object)'> (0x000000070b3a9b88) 
thrown [s\open\src\hotspot\share\interpreter\linkResolver.cpp, line 759]
Event: 63.489 Thread 0x0000024a0dbd9630 Exception <a 'java/lang/NoSuchMethodError'{0x000000070b3b3f20}: 'int java.lang.invoke.Invokers$Holder.invoke_MT(java.lang.Object, java.lang.Object, java.lang.Object, java.lang.Object)'> (0x000000070b3b3f20) 
thrown [s\open\src\hotspot\share\interpreter\linkResolver.cpp, line 759]
Event: 63.493 Thread 0x0000024a0dbd9630 Exception <a 'java/lang/NoSuchMethodError'{0x000000070b3c5738}: 'void java.lang.invoke.DelegatingMethodHandle$Holder.reinvoke_L(java.lang.Object, java.lang.Object, java.lang.Object, long, java.lang.Object)'> (0x000000070b3c5738) 
thrown [s\open\src\hotspot\share\interpreter\linkResolver.cpp, line 759]
Event: 63.495 Thread 0x0000024a0dbd9630 Exception <a 'java/lang/NoSuchMethodError'{0x000000070b3cf058}: 'java.lang.Object java.lang.invoke.DirectMethodHandle$Holder.invokeSpecial(java.lang.Object, java.lang.Object, java.lang.Object, java.lang.Object, long)'> (0x000000070b3cf058) 
thrown [s\open\src\hotspot\share\interpreter\linkResolver.cpp, line 759]
Event: 63.497 Thread 0x0000024a0dbd9630 Exception <a 'java/lang/NoSuchMethodError'{0x000000070b3e0740}: 'int java.lang.invoke.DelegatingMethodHandle$Holder.reinvoke_L(java.lang.Object, java.lang.Object, java.lang.Object, long, java.lang.Object, java.lang.Object)'> (0x000000070b3e0740) 
thrown [s\open\src\hotspot\share\interpreter\linkResolver.cpp, line 759]
Event: 63.498 Thread 0x0000024a0dbd9630 Exception <a 'java/lang/NoSuchMethodError'{0x000000070b3f1770}: 'int java.lang.invoke.DelegatingMethodHandle$Holder.reinvoke_L(java.lang.Object, java.lang.Object, java.lang.Object, long, int, int)'> (0x000000070b3f1770) 
thrown [s\open\src\hotspot\share\interpreter\linkResolver.cpp, line 759]
Event: 63.498 Thread 0x0000024a0dbd9630 Exception <a 'java/lang/NoSuchMethodError'{0x000000070b0029d8}: 'int java.lang.invoke.DelegatingMethodHandle$Holder.reinvoke_L(java.lang.Object, java.lang.Object, java.lang.Object, long, long, long)'> (0x000000070b0029d8) 
thrown [s\open\src\hotspot\share\interpreter\linkResolver.cpp, line 759]
Event: 63.500 Thread 0x0000024a0dbd9630 Exception <a 'java/lang/NoSuchMethodError'{0x000000070b013490}: 'int java.lang.invoke.DelegatingMethodHandle$Holder.reinvoke_L(java.lang.Object, java.lang.Object, java.lang.Object, long, int)'> (0x000000070b013490) 
thrown [s\open\src\hotspot\share\interpreter\linkResolver.cpp, line 759]
Event: 65.740 Thread 0x0000024a0dbd9630 Exception <a 'java/lang/NoSuchMethodError'{0x000000070bcc1360}: 'java.lang.Object java.lang.invoke.Invokers$Holder.invokeExact_MT(java.lang.Object, java.lang.Object, long, java.lang.Object)'> (0x000000070bcc1360) 
thrown [s\open\src\hotspot\share\interpreter\linkResolver.cpp, line 759]
Event: 65.885 Thread 0x0000024a0dbd9630 Exception <a 'java/lang/NoSuchMethodError'{0x000000070bb8c0b8}: 'java.lang.Object java.lang.invoke.Invokers$Holder.invoke_MT(java.lang.Object, java.lang.Object, java.lang.Object)'> (0x000000070bb8c0b8) 
thrown [s\open\src\hotspot\share\interpreter\linkResolver.cpp, line 759]
Event: 78.854 Thread 0x0000024a0dbd9630 Exception <a 'java/lang/NoSuchMethodError'{0x000000070d95d828}: 'java.lang.Object java.lang.invoke.DirectMethodHandle$Holder.invokeStatic(java.lang.Object, java.lang.Object, java.lang.Object, java.lang.Object, int)'> (0x000000070d95d828) 
thrown [s\open\src\hotspot\share\interpreter\linkResolver.cpp, line 759]

VM Operations (20 events):
Event: 78.462 Executing VM operation: Cleanup
Event: 78.463 Executing VM operation: Cleanup done
Event: 79.067 Executing VM operation: HandshakeAllThreads
Event: 79.068 Executing VM operation: HandshakeAllThreads done
Event: 79.847 Executing VM operation: G1CollectForAllocation
Event: 79.861 Executing VM operation: G1CollectForAllocation done
Event: 79.896 Executing VM operation: G1CollectForAllocation
Event: 79.912 Executing VM operation: G1CollectForAllocation done
Event: 80.920 Executing VM operation: Cleanup
Event: 80.921 Executing VM operation: Cleanup done
Event: 81.931 Executing VM operation: Cleanup
Event: 81.960 Executing VM operation: Cleanup done
Event: 82.345 Executing VM operation: G1CollectForAllocation
Event: 82.367 Executing VM operation: G1CollectForAllocation done
Event: 82.592 Executing VM operation: G1Concurrent
Event: 82.611 Executing VM operation: G1Concurrent done
Event: 82.706 Executing VM operation: G1Concurrent
Event: 82.707 Executing VM operation: G1Concurrent done
Event: 83.710 Executing VM operation: Cleanup
Event: 83.710 Executing VM operation: Cleanup done

Events (20 events):
Event: 65.894 loading class java/io/UTFDataFormatException done
Event: 67.430 loading class java/nio/channels/Channels$ReadableByteChannelImpl
Event: 67.431 loading class java/nio/channels/Channels$ReadableByteChannelImpl done
Event: 67.438 loading class java/nio/channels/NonWritableChannelException
Event: 67.439 loading class java/nio/channels/NonWritableChannelException done
Event: 67.807 Thread 0x0000024a0e5b55e0 Thread exited: 0x0000024a0e5b55e0
Event: 73.129 Thread 0x0000024a0c283310 flushing nmethod 0x0000024a783b9190
Event: 73.856 Thread 0x0000024a10e49290 Thread added: 0x0000024a10e49290
Event: 74.692 Thread 0x0000024a10e49290 Thread exited: 0x0000024a10e49290
Event: 77.041 loading class java/text/StringCharacterIterator
Event: 77.055 loading class java/text/StringCharacterIterator done
Event: 77.101 Thread 0x0000024a10e4bb10 Thread added: 0x0000024a10e4bb10
Event: 77.138 loading class java/io/NotSerializableException
Event: 77.138 loading class java/io/NotSerializableException done
Event: 78.302 Thread 0x0000024a10e4bb10 Thread exited: 0x0000024a10e4bb10
Event: 78.505 loading class java/util/function/IntUnaryOperator
Event: 78.523 loading class java/util/function/IntUnaryOperator done
Event: 79.844 Thread 0x0000024a10e4bb10 Thread added: 0x0000024a10e4bb10
Event: 81.559 Thread 0x0000024a10e4bb10 Thread exited: 0x0000024a10e4bb10
Event: 81.963 Thread 0x0000024a10e4ca40 Thread added: 0x0000024a10e4ca40


Dynamic libraries:
0x00007ff6f1640000 - 0x00007ff6f1650000 	C:\Program Files\Java\jdk-17\bin\java.exe
0x00007fff4e100000 - 0x00007fff4e367000 	C:\WINDOWS\SYSTEM32\ntdll.dll
0x00007fff0d190000 - 0x00007fff0d1b1000 	C:\Program Files\Avast Software\Avast\aswhook.dll
0x00007fff4c440000 - 0x00007fff4c509000 	C:\WINDOWS\System32\KERNEL32.DLL
0x00007fff4b5b0000 - 0x00007fff4b9a7000 	C:\WINDOWS\System32\KERNELBASE.dll
0x00007fff4b3a0000 - 0x00007fff4b4eb000 	C:\WINDOWS\System32\ucrtbase.dll
0x00007fff452b0000 - 0x00007fff452c8000 	C:\Program Files\Java\jdk-17\bin\jli.dll
0x00007fff4cf80000 - 0x00007fff4d036000 	C:\WINDOWS\System32\ADVAPI32.dll
0x00007fff40ec0000 - 0x00007fff40edb000 	C:\Program Files\Java\jdk-17\bin\VCRUNTIME140.dll
0x00007fff4d7c0000 - 0x00007fff4d869000 	C:\WINDOWS\System32\msvcrt.dll
0x00007fff4bf70000 - 0x00007fff4c017000 	C:\WINDOWS\System32\sechost.dll
0x00007fff4c510000 - 0x00007fff4c628000 	C:\WINDOWS\System32\RPCRT4.dll
0x00007fff4cdb0000 - 0x00007fff4cf76000 	C:\WINDOWS\System32\USER32.dll
0x00007fff4b9b0000 - 0x00007fff4b9d7000 	C:\WINDOWS\System32\win32u.dll
0x00007fff4df80000 - 0x00007fff4dfab000 	C:\WINDOWS\System32\GDI32.dll
0x00007fff4bcc0000 - 0x00007fff4bdec000 	C:\WINDOWS\System32\gdi32full.dll
0x00007fff4bc10000 - 0x00007fff4bcb3000 	C:\WINDOWS\System32\msvcp_win.dll
0x00007fff49d30000 - 0x00007fff49fc2000 	C:\WINDOWS\WinSxS\amd64_microsoft.windows.common-controls_6595b64144ccf1df_6.0.26100.8328_none_3e08182ce334b678\COMCTL32.dll
0x00007fff42a40000 - 0x00007fff42a4b000 	C:\WINDOWS\SYSTEM32\VERSION.dll
0x00007fff4bea0000 - 0x00007fff4bed2000 	C:\WINDOWS\System32\IMM32.DLL
0x00007fff452a0000 - 0x00007fff452ac000 	C:\Program Files\Java\jdk-17\bin\vcruntime140_1.dll
0x00007ffeccb70000 - 0x00007ffeccbfe000 	C:\Program Files\Java\jdk-17\bin\msvcp140.dll
0x00007ffe4f2c0000 - 0x00007ffe4fe97000 	C:\Program Files\Java\jdk-17\bin\server\jvm.dll
0x00007fff4dfb0000 - 0x00007fff4dfb8000 	C:\WINDOWS\System32\PSAPI.DLL
0x00007fff386d0000 - 0x00007fff386da000 	C:\WINDOWS\SYSTEM32\WSOCK32.dll
0x00007fff3f810000 - 0x00007fff3f846000 	C:\WINDOWS\SYSTEM32\WINMM.dll
0x00007fff4c210000 - 0x00007fff4c290000 	C:\WINDOWS\System32\WS2_32.dll
0x00007fff48f50000 - 0x00007fff48f6b000 	C:\WINDOWS\SYSTEM32\kernel.appcore.dll
0x00007fff40f40000 - 0x00007fff40f4a000 	C:\Program Files\Java\jdk-17\bin\jimage.dll
0x00007fff4a2e0000 - 0x00007fff4a522000 	C:\WINDOWS\SYSTEM32\DBGHELP.DLL
0x00007fff4d140000 - 0x00007fff4d4c3000 	C:\WINDOWS\System32\combase.dll
0x00007fff4d4d0000 - 0x00007fff4d5a9000 	C:\WINDOWS\System32\OLEAUT32.dll
0x00007fff4a1d0000 - 0x00007fff4a20b000 	C:\WINDOWS\SYSTEM32\dbgcore.DLL
0x00007fff4b9e0000 - 0x00007fff4ba88000 	C:\WINDOWS\System32\bcryptPrimitives.dll
0x00007fff33310000 - 0x00007fff3331e000 	C:\Program Files\Java\jdk-17\bin\instrument.dll
0x00007fff254b0000 - 0x00007fff254d5000 	C:\Program Files\Java\jdk-17\bin\java.dll
0x00007ffec5ba0000 - 0x00007ffec5c77000 	C:\Program Files\Java\jdk-17\bin\jsvml.dll
0x00007fff4c630000 - 0x00007fff4cd9e000 	C:\WINDOWS\System32\SHELL32.dll
0x00007fff4ab30000 - 0x00007fff4b39c000 	C:\WINDOWS\System32\windows.storage.dll
0x00007fff4d040000 - 0x00007fff4d136000 	C:\WINDOWS\System32\SHCORE.dll
0x00007fff4d870000 - 0x00007fff4d8d6000 	C:\WINDOWS\System32\shlwapi.dll
0x00007fff4aa50000 - 0x00007fff4aa79000 	C:\WINDOWS\SYSTEM32\profapi.dll
0x00007fff23d90000 - 0x00007fff23da8000 	C:\Program Files\Java\jdk-17\bin\zip.dll
0x00007fff18660000 - 0x00007fff18679000 	C:\Program Files\Java\jdk-17\bin\net.dll
0x00007fff42570000 - 0x00007fff42699000 	C:\WINDOWS\SYSTEM32\WINHTTP.dll
0x00007fff49460000 - 0x00007fff494cc000 	C:\WINDOWS\system32\mswsock.dll
0x00007fff182b0000 - 0x00007fff182c6000 	C:\Program Files\Java\jdk-17\bin\nio.dll
0x00007fff33100000 - 0x00007fff33110000 	C:\Program Files\Java\jdk-17\bin\verify.dll
0x00007ffef8150000 - 0x00007ffef8177000 	C:\Users\MSI\.gradle\native\68d5fa5c4cc2d200863cafc0d521ce42e7d3e7ee720ec0a83991735586a16f82\windows-amd64\native-platform.dll
0x00007ffec0810000 - 0x00007ffec0954000 	C:\Users\MSI\.gradle\native\e376f236ea51e6404a007f0833ffe2c6e607c4080706a723a18a27aeea778392\windows-amd64\native-platform-file-events.dll
0x00007fff254a0000 - 0x00007fff254aa000 	C:\Program Files\Java\jdk-17\bin\management.dll
0x00007fff330b0000 - 0x00007fff330bb000 	C:\Program Files\Java\jdk-17\bin\management_ext.dll
0x00007fff4a650000 - 0x00007fff4a66b000 	C:\WINDOWS\SYSTEM32\CRYPTSP.dll
0x00007fff49920000 - 0x00007fff49959000 	C:\WINDOWS\system32\rsaenh.dll
0x00007fff494d0000 - 0x00007fff49503000 	C:\WINDOWS\SYSTEM32\USERENV.dll
0x00007fff4aa20000 - 0x00007fff4aa4a000 	C:\WINDOWS\SYSTEM32\bcrypt.dll
0x00007fff49b70000 - 0x00007fff49b7c000 	C:\WINDOWS\SYSTEM32\CRYPTBASE.dll
0x00007fff48980000 - 0x00007fff489b2000 	C:\WINDOWS\SYSTEM32\IPHLPAPI.DLL
0x00007fff4d5b0000 - 0x00007fff4d5ba000 	C:\WINDOWS\System32\NSI.dll
0x00007fff42700000 - 0x00007fff4271d000 	C:\WINDOWS\SYSTEM32\dhcpcsvc6.DLL
0x00007fff42110000 - 0x00007fff42135000 	C:\WINDOWS\SYSTEM32\dhcpcsvc.DLL
0x00007fff48a10000 - 0x00007fff48b42000 	C:\WINDOWS\SYSTEM32\DNSAPI.dll
0x00007fff24550000 - 0x00007fff2455d000 	C:\Program Files\Java\jdk-17\bin\sunmscapi.dll
0x00007fff4ba90000 - 0x00007fff4bc08000 	C:\WINDOWS\System32\CRYPT32.dll
0x00007fff49b30000 - 0x00007fff49b60000 	C:\WINDOWS\SYSTEM32\ncrypt.dll
0x00007fff49ba0000 - 0x00007fff49bdf000 	C:\WINDOWS\SYSTEM32\NTASN1.dll
0x00007fff45580000 - 0x00007fff45588000 	C:\WINDOWS\system32\wshunix.dll
0x00007fff418a0000 - 0x00007fff418ab000 	C:\Windows\System32\rasadhlp.dll
0x00007fff3f4f0000 - 0x00007fff3f576000 	C:\WINDOWS\System32\fwpuclnt.dll
0x00007fff4a2a0000 - 0x00007fff4a2d6000 	C:\WINDOWS\SYSTEM32\ntmarta.dll

dbghelp: loaded successfully - version: 4.0.5 - missing functions: none
symbol engine: initialized successfully - sym options: 0x614 - pdb path: .;C:\Program Files\Java\jdk-17\bin;C:\WINDOWS\SYSTEM32;C:\Program Files\Avast Software\Avast;C:\WINDOWS\WinSxS\amd64_microsoft.windows.common-controls_6595b64144ccf1df_6.0.26100.8328_none_3e08182ce334b678;C:\Program Files\Java\jdk-17\bin\server;C:\Users\MSI\.gradle\native\68d5fa5c4cc2d200863cafc0d521ce42e7d3e7ee720ec0a83991735586a16f82\windows-amd64;C:\Users\MSI\.gradle\native\e376f236ea51e6404a007f0833ffe2c6e607c4080706a723a18a27aeea778392\windows-amd64

VM Arguments:
jvm_args: -XX:MaxMetaspaceSize=2G -XX:+HeapDumpOnOutOfMemoryError --add-opens=java.base/java.util=ALL-UNNAMED --add-opens=java.base/java.lang=ALL-UNNAMED --add-opens=java.base/java.lang.invoke=ALL-UNNAMED --add-opens=java.prefs/java.util.prefs=ALL-UNNAMED --add-opens=java.base/java.nio.charset=ALL-UNNAMED --add-opens=java.base/java.net=ALL-UNNAMED --add-opens=java.base/java.util.concurrent.atomic=ALL-UNNAMED -Xmx4G -Dfile.encoding=utf8 -Duser.country=US -Duser.language=en -Duser.variant -javaagent:C:\Users\MSI\.gradle\wrapper\dists\gradle-8.3-all\6en3ugtfdg5xnpx44z4qbwgas\gradle-8.3\lib\agents\gradle-instrumentation-agent-8.3.jar 
java_command: org.gradle.launcher.daemon.bootstrap.GradleDaemon 8.3
java_class_path (initial): C:\Users\MSI\.gradle\wrapper\dists\gradle-8.3-all\6en3ugtfdg5xnpx44z4qbwgas\gradle-8.3\lib\gradle-launcher-8.3.jar
Launcher Type: SUN_STANDARD

[Global flags]
     intx CICompilerCount                          = 4                                         {product} {ergonomic}
     uint ConcGCThreads                            = 3                                         {product} {ergonomic}
     uint G1ConcRefinementThreads                  = 10                                        {product} {ergonomic}
   size_t G1HeapRegionSize                         = 2097152                                   {product} {ergonomic}
    uintx GCDrainStackTargetSize                   = 64                                        {product} {ergonomic}
     bool HeapDumpOnOutOfMemoryError               = true                                   {manageable} {command line}
   size_t InitialHeapSize                          = 130023424                                 {product} {ergonomic}
   size_t MarkStackSize                            = 4194304                                   {product} {ergonomic}
   size_t MaxHeapSize                              = 4294967296                                {product} {command line}
   size_t MaxMetaspaceSize                         = 2147483648                                {product} {command line}
   size_t MaxNewSize                               = 2575302656                                {product} {ergonomic}
   size_t MinHeapDeltaBytes                        = 2097152                                   {product} {ergonomic}
   size_t MinHeapSize                              = 8388608                                   {product} {ergonomic}
    uintx NonNMethodCodeHeapSize                   = 5839372                                {pd product} {ergonomic}
    uintx NonProfiledCodeHeapSize                  = 122909434                              {pd product} {ergonomic}
    uintx ProfiledCodeHeapSize                     = 122909434                              {pd product} {ergonomic}
    uintx ReservedCodeCacheSize                    = 251658240                              {pd product} {ergonomic}
     bool SegmentedCodeCache                       = true                                      {product} {ergonomic}
   size_t SoftMaxHeapSize                          = 4294967296                             {manageable} {ergonomic}
     bool UseCompressedClassPointers               = true                           {product lp64_product} {ergonomic}
     bool UseCompressedOops                        = true                           {product lp64_product} {ergonomic}
     bool UseG1GC                                  = true                                      {product} {ergonomic}
     bool UseLargePagesIndividualAllocation        = false                                  {pd product} {ergonomic}

Logging:
Log output configuration:
 #0: stdout all=warning uptime,level,tags
 #1: stderr all=off uptime,level,tags

Environment Variables:
JAVA_HOME=C:\Program Files\Java\jdk-17
PATH=C:\Users\MSI\AppData\Local\Programs\Microsoft VS Code;C:\Program Files (x86)\VMware\VMware Player\bin\;C:\Program Files\Common Files\Oracle\Java\javapath;C:\Program Files (x86)\Common Files\Oracle\Java\javapath;C:\Program Files (x86)\Common Files\Intel\Shared Libraries\redist\intel64\compiler;C:\Windows\system32;C:\Windows;C:\Windows\System32\Wbem;C:\Windows\System32\WindowsPowerShell\v1.0\;C:\Windows\System32\OpenSSH\;C:\Program Files (x86)\NVIDIA Corporation\PhysX\Common;C:\Program Files\NVIDIA Corporation\NVIDIA NvDLISR;C:\WINDOWS\system32;C:\WINDOWS;C:\WINDOWS\System32\Wbem;C:\WINDOWS\System32\WindowsPowerShell\v1.0\;C:\WINDOWS\System32\OpenSSH\;C:\Program Files\Git\cmd;C:\maven\apache-maven-3.8.6-bin\apache-maven-3.8.6\bin;C:\Program Files\Java\jdk-17\bin;C:\Program Files\MongoDB\Server\6.0\bin;C:\Users\MSI\Desktop\pfe\v2\keycloak-21.1.1\bin;C:\xampp\php;C:\Users\MSI\gradle-8.7\bin;C:\Users\MSI\AppData\Local\Programs;C:\Program Files\Docker\Docker\resources\bin;C:\Program Files\nodejs\;C:\Program Files\Amazon\AWSCLIV2\;C:\cli;C:\apache-maven-3.9.11-bin\apache-maven-3.9.11\bin;C:\Program Files\Kubernetes\Minikube;C:\Users\MSI\AppData\Roaming\npm;C:\Users\MSI\AppData\Local\Programs\Python\Python312\;C:\Users\MSI\AppData\Local\Programs\Python\Python312\Scripts\;;%SystemRoot%\system32;%SystemRoot%;%SystemRoot%\System32\Wbem;%SYSTEMROOT%\System32\WindowsPowerShell\v1.0\;%SYSTEMROOT%\System32\OpenSSH\;C:\Program Files (x86)\VMware\VMware Player\bin\;C:\Program Files\Common Files\Oracle\Java\javapath;C:\Program Files (x86)\Common Files\Oracle\Java\javapath;C:\Program Files (x86)\Common Files\Intel\Shared Libraries\redist\intel64\compiler;C:\Windows\system32;C:\Windows;C:\Windows\System32\Wbem;C:\Windows\System32\WindowsPowerShell\v1.0\;C:\Windows\System32\OpenSSH\;C:\Program Files (x86)\NVIDIA Corporation\PhysX\Common;C:\Program Files\NVIDIA Corporation\NVIDIA NvDLISR;C:\WINDOWS\system32;C:\WINDOWS;C:\WINDOWS\System32\Wbem;C:\WINDOWS\System32\WindowsPowerShell\v1.0\
USERNAME=MSI
OS=Windows_NT
PROCESSOR_IDENTIFIER=Intel64 Family 6 Model 141 Stepping 1, GenuineIntel



---------------  S Y S T E M  ---------------

OS:
 Windows 11 , 64 bit Build 26100 (10.0.26100.8328)
OS uptime: 1 days 13:50 hours
Hyper-V role detected

CPU: total 12 (initial active 12) (6 cores per cpu, 2 threads per core) family 6 model 141 stepping 1 microcode 0x26, cx8, cmov, fxsr, ht, mmx, 3dnowpref, sse, sse2, sse3, ssse3, sse4.1, sse4.2, popcnt, lzcnt, tsc, tscinvbit, avx, avx2, aes, erms, clmul, bmi1, bmi2, adx, avx512f, avx512dq, avx512cd, avx512bw, avx512vl, sha, fma, vzeroupper, avx512_vpopcntdq, avx512_vpclmulqdq, avx512_vaes, avx512_vnni, clflush, clflushopt, clwb, avx512_vbmi2, avx512_vbmi, hv

Memory: 4k page, system-wide physical 7893M (290M free)
TotalPageFile size 32469M (AvailPageFile size 33M)
current process WorkingSet (physical memory assigned to process): 483M, peak: 483M
current process commit charge ("private bytes"): 854M, peak: 855M

vm_info: Java HotSpot(TM) 64-Bit Server VM (17.0.6+9-LTS-190) for windows-amd64 JRE (17.0.6+9-LTS-190), built on Dec  6 2022 15:53:54 by "mach5one" with MS VC++ 17.1 (VS2022)

END.
